[LOG] System::create                           : Header version = 1.10.00. Current version = 1.10.00.
[LOG] SystemI::setOutputInternal               : Setting output to type 0
[LOG] Manager::init                            : maxchannels = 1024 studioflags = 00000009 flags 00000000 extradriverdata 0000000000000000.
[LOG] SystemI::init                            : FMOD Studio Version: 00011000 (90329)
[LOG] SystemI::init                            : maxchannels = 1024, flags = 00030000, extradriverdata = 0000000000000000
[LOG] SystemI::setOutputInternal               : Setting output to type 8
[LOG] SystemI::setOutputInternal               : Setting output to type 8
[LOG] SystemI::setOutputInternal               : Setting output to type 8
[LOG] OutputWASAPI::init                       : Mix Format (WAVEFORMATEX): wFormatTag=0xFFFE, nChannels=2, nSamplesPerSec=48000, nAvgBytesPerSec=384000, nBlockAlign=8, wBitsPerSample=32, cbSize=22.
[LOG] OutputWASAPI::init                       : Mix Format (WAVEFORMATEXTENSIBLE): wValidBitsPerSample=32, dwChannelMask=0x00000003, SubFormat=00000003-0000-0010-8000-00AA00389B71.
[LOG] OutputWASAPI::init                       : Output buffer size: 4096 samples, latency: 10.67ms, period: 10.00ms, DSP buffer: 1024 * 4
[LOG] SystemI::init                            : Create master channel group and master sound group.
[LOG] SystemI::init                            : Set up emulated output.  1024 channels
[LOG] SystemI::init                            : create the channel pool
[LOG] SystemI::init                            : create the stream thread
[LOG] Thread::initThread                       : Init FMOD stream thread. Priority: 2, Stack Size: 65536, Semaphore: No, Sleep Time: 10, Looping: Yes.
[LOG] SystemI::DSPCodecPoolRegister            : register codec pool for pool type 5
[LOG] Thread::initThread                       : Init FMOD mixer thread. Priority: 3, Stack Size: 49152, Semaphore: No, Sleep Time: 0, Looping: Yes.
[LOG] AsyncManager::init                       : manager 00000000778FCE98 isAsync 1 updatePeriod 0.02
[LOG] Thread::initThread                       : Init FMOD Studio update thread. Priority: 0, Stack Size: 65536, Semaphore: No, Sleep Time: 1, Looping: No.
[LOG] AsyncManager::init                       : done
[LOG] PlaybackSystem::init                     : 
[LOG] Thread::initThread                       : Init FMOD Studio sample load thread. Priority: 0, Stack Size: 65536, Semaphore: No, Sleep Time: 1, Looping: No.
[LOG] PlaybackSystem::init                     : done
[LOG] LiveUpdate::init                         : 
[LOG] Thread::initThread                       : Init FMOD Studio bank load thread. Priority: 0, Stack Size: 65536, Semaphore: No, Sleep Time: 1, Looping: No.
[LOG] Manager::init                            : done.
[LOG] Profile::init                            : Profiler listening on port: 9264
[LOG] Manager::readBank                        : fileversion = 99, compatVersion = 99 (oldest = 44, newest = 99)
[LOG] Manager::readBank                        : fileversion = 99, compatVersion = 99 (oldest = 44, newest = 99)
[LOG] PlaybackSystem::acquireMasterBus         : Setting master channel group format to 6
[LOG] SystemI::createSoundInternal             : filename =  : mode 02000202
[LOG] SystemI::createSoundInternal             : exinfo->cbsize             = 232
[LOG] SystemI::createSoundInternal             : exinfo->length             = 18274624
[LOG] SystemI::createSoundInternal             : exinfo->fileoffset         = 17792
[LOG] SystemI::createSoundInternal             : exinfo->numsubsounds       = 1
[LOG] SystemI::createSoundInternal             : exinfo->inclusionlist      = 000000003F45F5FC
[LOG] SystemI::createSoundInternal             : exinfo->inclusionlistnum   = 1
[LOG] SystemI::createSoundInternal             : exinfo->suggestedsoundtype = 5
[LOG] SystemI::createSoundInternal             : exinfo->useropen           = 000007FED49C5C70
[LOG] SystemI::createSoundInternal             : exinfo->userclose          = 000007FED49C5C40
[LOG] SystemI::createSoundInternal             : exinfo->userread           = 000007FED49C5D40
[LOG] SystemI::createSoundInternal             : exinfo->userseek           = 000007FED49C5DF0
[LOG] SystemI::createSoundInternal             : exinfo->fileuserdata       = 0000000077DFF848
[LOG] SystemI::createSoundInternal             : exinfo->initialseekpostype = 1
[LOG] SystemI::DSPCodecPoolRegister            : register codec pool for pool type 5
[LOG] SystemI::createSoundInternal             : Format has 1 subsounds.
[LOG] SystemI::createSoundInternal             : Create as FMOD_CREATESAMPLE
[LOG] SystemI::createSoundInternal             : Multi-sample sound (1 subsounds), create a sample container.
[LOG] SystemI::createSoundInternal             : creating subsound 0/1
[LOG] SystemI::createSample                    : mode 02000202 length 2838857 samples, lengthbytes 506688
[LOG] SystemI::createSample                    : channels = 1
[LOG] SystemI::createSample                    : output = 0000000013FEACE8
[LOG] OutputSoftware::createSample             : lengthpcm 2838857, lengthbytes 506688, channels 1, format 2, freq 48000, mode 0200020a
[LOG] SystemI::createSoundInternal             : No name found in file, use filename.
[LOG] SystemI::createSoundInternal             : done.  OpenState now = FMOD_OPENSTATE_READY.

[LOG] SystemI::createSoundInternal             : filename =  : mode 02000202
[LOG] SystemI::createSoundInternal             : exinfo->cbsize             = 232
[LOG] SystemI::createSoundInternal             : exinfo->length             = 18274624
[LOG] SystemI::createSoundInternal             : exinfo->fileoffset         = 17792
[LOG] SystemI::createSoundInternal             : exinfo->numsubsounds       = 1
[LOG] SystemI::createSoundInternal             : exinfo->inclusionlist      = 000000003F45F5FC
[LOG] SystemI::createSoundInternal             : exinfo->inclusionlistnum   = 1
[LOG] SystemI::createSoundInternal             : exinfo->suggestedsoundtype = 5
[LOG] SystemI::createSoundInternal             : exinfo->useropen           = 000007FED49C5C70
[LOG] SystemI::createSoundInternal             : exinfo->userclose          = 000007FED49C5C40
[LOG] SystemI::createSoundInternal             : exinfo->userread           = 000007FED49C5D40
[LOG] SystemI::createSoundInternal             : exinfo->userseek           = 000007FED49C5DF0
[LOG] SystemI::createSoundInternal             : exinfo->fileuserdata       = 0000000077DFF848
[LOG] SystemI::createSoundInternal             : exinfo->initialseekpostype = 1
[LOG] SystemI::DSPCodecPoolRegister            : register codec pool for pool type 5
[LOG] SystemI::createSoundInternal             : Format has 1 subsounds.
[LOG] SystemI::createSoundInternal             : Create as FMOD_CREATESAMPLE
[LOG] SystemI::createSoundInternal             : Multi-sample sound (1 subsounds), create a sample container.
[LOG] SystemI::createSoundInternal             : creating subsound 0/1
[LOG] SystemI::createSample                    : mode 02000202 length 7241142 samples, lengthbytes 1832864
[LOG] SystemI::createSample                    : channels = 2
[LOG] SystemI::createSample                    : output = 0000000013FEACE8
[LOG] OutputSoftware::createSample             : lengthpcm 7241142, lengthbytes 1832864, channels 2, format 2, freq 48000, mode 0200020a
[LOG] SystemI::createSoundInternal             : No name found in file, use filename.
[LOG] SystemI::createSoundInternal             : done.  OpenState now = FMOD_OPENSTATE_READY.

[LOG] SystemI::createSoundInternal             : filename =  : mode 02000202
[LOG] SystemI::createSoundInternal             : exinfo->cbsize             = 232
[LOG] SystemI::createSoundInternal             : exinfo->length             = 18274624
[LOG] SystemI::createSoundInternal             : exinfo->fileoffset         = 17792
[LOG] SystemI::createSoundInternal             : exinfo->numsubsounds       = 1
[LOG] SystemI::createSoundInternal             : exinfo->inclusionlist      = 000000003F45F5FC
[LOG] SystemI::createSoundInternal             : exinfo->inclusionlistnum   = 1
[LOG] SystemI::createSoundInternal             : exinfo->suggestedsoundtype = 5
[LOG] SystemI::createSoundInternal             : exinfo->useropen           = 000007FED49C5C70
[LOG] SystemI::createSoundInternal             : exinfo->userclose          = 000007FED49C5C40
[LOG] SystemI::createSoundInternal             : exinfo->userread           = 000007FED49C5D40
[LOG] SystemI::createSoundInternal             : exinfo->userseek           = 000007FED49C5DF0
[LOG] SystemI::createSoundInternal             : exinfo->fileuserdata       = 0000000077DFF848
[LOG] SystemI::createSoundInternal             : exinfo->initialseekpostype = 1
[LOG] SystemI::DSPCodecPoolRegister            : register codec pool for pool type 5
[LOG] SystemI::createSoundInternal             : Format has 1 subsounds.
[LOG] SystemI::createSoundInternal             : Create as FMOD_CREATESAMPLE
[LOG] SystemI::createSoundInternal             : Multi-sample sound (1 subsounds), create a sample container.
[LOG] SystemI::createSoundInternal             : creating subsound 0/1
[LOG] SystemI::createSample                    : mode 02000202 length 2633142 samples, lengthbytes 2818528
[LOG] SystemI::createSample                    : channels = 2
[LOG] SystemI::createSample                    : output = 0000000013FEACE8
[LOG] OutputSoftware::createSample             : lengthpcm 2633142, lengthbytes 2818528, channels 2, format 2, freq 48000, mode 0200020a
[LOG] SystemI::createSoundInternal             : No name found in file, use filename.
[LOG] SystemI::createSoundInternal             : done.  OpenState now = FMOD_OPENSTATE_READY.

[LOG] SystemI::createSoundInternal             : filename =  : mode 02000202
[LOG] SystemI::createSoundInternal             : exinfo->cbsize             = 232
[LOG] SystemI::createSoundInternal             : exinfo->length             = 18274624
[LOG] SystemI::createSoundInternal             : exinfo->fileoffset         = 17792
[LOG] SystemI::createSoundInternal             : exinfo->numsubsounds       = 1
[LOG] SystemI::createSoundInternal             : exinfo->inclusionlist      = 000000003F45F5FC
[LOG] SystemI::createSoundInternal             : exinfo->inclusionlistnum   = 1
[LOG] SystemI::createSoundInternal             : exinfo->suggestedsoundtype = 5
[LOG] SystemI::createSoundInternal             : exinfo->useropen           = 000007FED49C5C70
[LOG] SystemI::createSoundInternal             : exinfo->userclose          = 000007FED49C5C40
[LOG] SystemI::createSoundInternal             : exinfo->userread           = 000007FED49C5D40
[LOG] SystemI::createSoundInternal             : exinfo->userseek           = 000007FED49C5DF0
[LOG] SystemI::createSoundInternal             : exinfo->fileuserdata       = 0000000077DFF848
[LOG] SystemI::createSoundInternal             : exinfo->initialseekpostype = 1
[LOG] SystemI::DSPCodecPoolRegister            : register codec pool for pool type 5
[LOG] SystemI::createSoundInternal             : Format has 1 subsounds.
[LOG] SystemI::createSoundInternal             : Create as FMOD_CREATESAMPLE
[LOG] SystemI::createSoundInternal             : Multi-sample sound (1 subsounds), create a sample container.
[LOG] SystemI::createSoundInternal             : creating subsound 0/1
[LOG] SystemI::createSample                    : mode 02000202 length 7241142 samples, lengthbytes 876992
[LOG] SystemI::createSample                    : channels = 2
[LOG] SystemI::createSample                    : output = 0000000013FEACE8
[LOG] OutputSoftware::createSample             : lengthpcm 7241142, lengthbytes 876992, channels 2, format 2, freq 48000, mode 0200020a
[LOG] SystemI::createSoundInternal             : No name found in file, use filename.
[LOG] SystemI::createSoundInternal             : done.  OpenState now = FMOD_OPENSTATE_READY.

[LOG] SystemI::createSoundInternal             : filename =  : mode 02000202
[LOG] SystemI::createSoundInternal             : exinfo->cbsize             = 232
[LOG] SystemI::createSoundInternal             : exinfo->length             = 18274624
[LOG] SystemI::createSoundInternal             : exinfo->fileoffset         = 17792
[LOG] SystemI::createSoundInternal             : exinfo->numsubsounds       = 1
[LOG] SystemI::createSoundInternal             : exinfo->inclusionlist      = 000000003F45F5FC
[LOG] SystemI::createSoundInternal             : exinfo->inclusionlistnum   = 1
[LOG] SystemI::createSoundInternal             : exinfo->suggestedsoundtype = 5
[LOG] SystemI::createSoundInternal             : exinfo->useropen           = 000007FED49C5C70
[LOG] SystemI::createSoundInternal             : exinfo->userclose          = 000007FED49C5C40
[LOG] SystemI::createSoundInternal             : exinfo->userread           = 000007FED49C5D40
[LOG] SystemI::createSoundInternal             : exinfo->userseek           = 000007FED49C5DF0
[LOG] SystemI::createSoundInternal             : exinfo->fileuserdata       = 0000000077DFF848
[LOG] SystemI::createSoundInternal             : exinfo->initialseekpostype = 1
[LOG] SystemI::DSPCodecPoolRegister            : register codec pool for pool type 5
[LOG] SystemI::createSoundInternal             : Format has 1 subsounds.
[LOG] SystemI::createSoundInternal             : Create as FMOD_CREATESAMPLE
[LOG] SystemI::createSoundInternal             : Multi-sample sound (1 subsounds), create a sample container.
[LOG] SystemI::createSoundInternal             : creating subsound 0/1
[LOG] SystemI::createSample                    : mode 02000202 length 2633142 samples, lengthbytes 1572960
[LOG] SystemI::createSample                    : channels = 2
[LOG] SystemI::createSample                    : output = 0000000013FEACE8
[LOG] OutputSoftware::createSample             : lengthpcm 2633142, lengthbytes 1572960, channels 2, format 2, freq 48000, mode 0200020a
[LOG] SystemI::createSoundInternal             : No name found in file, use filename.
[LOG] SystemI::createSoundInternal             : done.  OpenState now = FMOD_OPENSTATE_READY.

[LOG] SystemI::createSoundInternal             : filename =  : mode 02000202
[LOG] SystemI::createSoundInternal             : exinfo->cbsize             = 232
[LOG] SystemI::createSoundInternal             : exinfo->length             = 18274624
[LOG] SystemI::createSoundInternal             : exinfo->fileoffset         = 17792
[LOG] SystemI::createSoundInternal             : exinfo->numsubsounds       = 1
[LOG] SystemI::createSoundInternal             : exinfo->inclusionlist      = 000000003F45F5FC
[LOG] SystemI::createSoundInternal             : exinfo->inclusionlistnum   = 1
[LOG] SystemI::createSoundInternal             : exinfo->suggestedsoundtype = 5
[LOG] SystemI::createSoundInternal             : exinfo->useropen           = 000007FED49C5C70
[LOG] SystemI::createSoundInternal             : exinfo->userclose          = 000007FED49C5C40
[LOG] SystemI::createSoundInternal             : exinfo->userread           = 000007FED49C5D40
[LOG] SystemI::createSoundInternal             : exinfo->userseek           = 000007FED49C5DF0
[LOG] SystemI::createSoundInternal             : exinfo->fileuserdata       = 0000000077DFF848
[LOG] SystemI::createSoundInternal             : exinfo->initialseekpostype = 1
[LOG] SystemI::DSPCodecPoolRegister            : register codec pool for pool type 5
[LOG] SystemI::createSoundInternal             : Format has 1 subsounds.
[LOG] SystemI::createSoundInternal             : Create as FMOD_CREATESAMPLE
[LOG] SystemI::createSoundInternal             : Multi-sample sound (1 subsounds), create a sample container.
[LOG] SystemI::createSoundInternal             : creating subsound 0/1
[LOG] SystemI::createSample                    : mode 02000202 length 2633142 samples, lengthbytes 1015072
[LOG] SystemI::createSample                    : channels = 2
[LOG] SystemI::createSample                    : output = 0000000013FEACE8
[LOG] OutputSoftware::createSample             : lengthpcm 2633142, lengthbytes 1015072, channels 2, format 2, freq 48000, mode 0200020a
[LOG] SystemI::createSoundInternal             : No name found in file, use filename.
[LOG] SystemI::createSoundInternal             : done.  OpenState now = FMOD_OPENSTATE_READY.

[LOG] SystemI::createSoundInternal             : filename =  : mode 02000202
[LOG] SystemI::createSoundInternal             : exinfo->cbsize             = 232
[LOG] SystemI::createSoundInternal             : exinfo->length             = 18274624
[LOG] SystemI::createSoundInternal             : exinfo->fileoffset         = 17792
[LOG] SystemI::createSoundInternal             : exinfo->numsubsounds       = 1
[LOG] SystemI::createSoundInternal             : exinfo->inclusionlist      = 000000003F45F5FC
[LOG] SystemI::createSoundInternal             : exinfo->inclusionlistnum   = 1
[LOG] SystemI::createSoundInternal             : exinfo->suggestedsoundtype = 5
[LOG] SystemI::createSoundInternal             : exinfo->useropen           = 000007FED49C5C70
[LOG] SystemI::createSoundInternal             : exinfo->userclose          = 000007FED49C5C40
[LOG] SystemI::createSoundInternal             : exinfo->userread           = 000007FED49C5D40
[LOG] SystemI::createSoundInternal             : exinfo->userseek           = 000007FED49C5DF0
[LOG] SystemI::createSoundInternal             : exinfo->fileuserdata       = 0000000077DFF848
[LOG] SystemI::createSoundInternal             : exinfo->initialseekpostype = 1
[LOG] SystemI::DSPCodecPoolRegister            : register codec pool for pool type 5
[LOG] SystemI::createSoundInternal             : Format has 1 subsounds.
[LOG] SystemI::createSoundInternal             : Create as FMOD_CREATESAMPLE
[LOG] SystemI::createSoundInternal             : Multi-sample sound (1 subsounds), create a sample container.
[LOG] SystemI::createSoundInternal             : creating subsound 0/1
[LOG] SystemI::createSample                    : mode 02000202 length 7241142 samples, lengthbytes 6753888
[LOG] SystemI::createSample                    : channels = 2
[LOG] SystemI::createSample                    : output = 0000000013FEACE8
[LOG] OutputSoftware::createSample             : lengthpcm 7241142, lengthbytes 6753888, channels 2, format 2, freq 48000, mode 0200020a
[LOG] SystemI::createSoundInternal             : No name found in file, use filename.
[LOG] SystemI::createSoundInternal             : done.  OpenState now = FMOD_OPENSTATE_READY.

[LOG] SystemI::createSoundInternal             : filename =  : mode 02000202
[LOG] SystemI::createSoundInternal             : exinfo->cbsize             = 232
[LOG] SystemI::createSoundInternal             : exinfo->length             = 18274624
[LOG] SystemI::createSoundInternal             : exinfo->fileoffset         = 17792
[LOG] SystemI::createSoundInternal             : exinfo->numsubsounds       = 1
[LOG] SystemI::createSoundInternal             : exinfo->inclusionlist      = 000000003F45F5FC
[LOG] SystemI::createSoundInternal             : exinfo->inclusionlistnum   = 1
[LOG] SystemI::createSoundInternal             : exinfo->suggestedsoundtype = 5
[LOG] SystemI::createSoundInternal             : exinfo->useropen           = 000007FED49C5C70
[LOG] SystemI::createSoundInternal             : exinfo->userclose          = 000007FED49C5C40
[LOG] SystemI::createSoundInternal             : exinfo->userread           = 000007FED49C5D40
[LOG] SystemI::createSoundInternal             : exinfo->userseek           = 000007FED49C5DF0
[LOG] SystemI::createSoundInternal             : exinfo->fileuserdata       = 0000000077DFF848
[LOG] SystemI::createSoundInternal             : exinfo->initialseekpostype = 1
[LOG] SystemI::DSPCodecPoolRegister            : register codec pool for pool type 5
[LOG] SystemI::createSoundInternal             : Format has 1 subsounds.
[LOG] SystemI::createSoundInternal             : Create as FMOD_CREATESAMPLE
[LOG] SystemI::createSoundInternal             : Multi-sample sound (1 subsounds), create a sample container.
[LOG] SystemI::createSoundInternal             : creating subsound 0/1
[LOG] SystemI::createSample                    : mode 02000202 length 4608000 samples, lengthbytes 1029472
[LOG] SystemI::createSample                    : channels = 2
[LOG] SystemI::createSample                    : output = 0000000013FEACE8
[LOG] OutputSoftware::createSample             : lengthpcm 4608000, lengthbytes 1029472, channels 2, format 2, freq 48000, mode 0200020a
[LOG] SystemI::createSoundInternal             : No name found in file, use filename.
[LOG] SystemI::createSoundInternal             : done.  OpenState now = FMOD_OPENSTATE_READY.

[LOG] SystemI::createSoundInternal             : filename =  : mode 02000202
[LOG] SystemI::createSoundInternal             : exinfo->cbsize             = 232
[LOG] SystemI::createSoundInternal             : exinfo->length             = 18274624
[LOG] SystemI::createSoundInternal             : exinfo->fileoffset         = 17792
[LOG] SystemI::createSoundInternal             : exinfo->numsubsounds       = 1
[LOG] SystemI::createSoundInternal             : exinfo->inclusionlist      = 000000003F45F5FC
[LOG] SystemI::createSoundInternal             : exinfo->inclusionlistnum   = 1
[LOG] SystemI::createSoundInternal             : exinfo->suggestedsoundtype = 5
[LOG] SystemI::createSoundInternal             : exinfo->useropen           = 000007FED49C5C70
[LOG] SystemI::createSoundInternal             : exinfo->userclose          = 000007FED49C5C40
[LOG] SystemI::createSoundInternal             : exinfo->userread           = 000007FED49C5D40
[LOG] SystemI::createSoundInternal             : exinfo->userseek           = 000007FED49C5DF0
[LOG] SystemI::createSoundInternal             : exinfo->fileuserdata       = 0000000077DFF848
[LOG] SystemI::createSoundInternal             : exinfo->initialseekpostype = 1
[LOG] SystemI::DSPCodecPoolRegister            : register codec pool for pool type 5
[LOG] SystemI::createSoundInternal             : Format has 1 subsounds.
[LOG] SystemI::createSoundInternal             : Create as FMOD_CREATESAMPLE
[LOG] SystemI::createSoundInternal             : Multi-sample sound (1 subsounds), create a sample container.
[LOG] SystemI::createSoundInternal             : creating subsound 0/1
[LOG] SystemI::createSample                    : mode 02000202 length 5924571 samples, lengthbytes 1860288
[LOG] SystemI::createSample                    : channels = 2
[LOG] SystemI::createSample                    : output = 0000000013FEACE8
[LOG] OutputSoftware::createSample             : lengthpcm 5924571, lengthbytes 1860288, channels 2, format 2, freq 48000, mode 0200020a
[LOG] SystemI::createSoundInternal             : No name found in file, use filename.
[LOG] SystemI::createSoundInternal             : done.  OpenState now = FMOD_OPENSTATE_READY.

[LOG] SoundI::release                          :  (000000006119BD78)
[LOG] SoundI::release                          : release subsounds. (000000006119BD78)
[LOG] SoundI::release                          :     NeuroTransistors_Acustic_Gtr (000000001A9B6C58)
[LOG] SoundI::release                          :     done
[LOG] SoundI::release                          : release codec. (000000006119BD78)
[LOG] SoundI::release                          : done
[LOG] SoundI::release                          :  (000000000E89BEC8)
[LOG] SoundI::release                          : release subsounds. (000000000E89BEC8)
[LOG] SoundI::release                          :     NeuroTransistors_Gtr_Vocals_11#05 (000000001A9B6918)
[LOG] SoundI::release                          :     done
[LOG] SoundI::release                          : release codec. (000000000E89BEC8)
[LOG] SoundI::release                          : done
[LOG] SoundI::release                          :  (000000006119B368)
[LOG] SoundI::release                          : release subsounds. (000000006119B368)
[LOG] SoundI::release                          :     NT_PADS (0000000060DFCA18)
[LOG] SoundI::release                          :     done
[LOG] SoundI::release                          : release codec. (000000006119B368)
[LOG] SoundI::release                          : done
[LOG] SoundI::release                          :  (000000006119BA98)
[LOG] SoundI::release                          : release subsounds. (000000006119BA98)
[LOG] SoundI::release                          :     NT_Plucks (0000000060DFC6D8)
[LOG] SoundI::release                          :     done
[LOG] SoundI::release                          : release codec. (000000006119BA98)
[LOG] SoundI::release                          : done
[LOG] SoundI::release                          :  (000000000E89C488)
[LOG] SoundI::release                          : release subsounds. (000000000E89C488)
[LOG] SoundI::release                          :     NT_Hihat (000000001A9B6DF8)
[LOG] SoundI::release                          :     done
[LOG] SoundI::release                          : release codec. (000000000E89C488)
[LOG] SoundI::release                          : done
[LOG] SoundI::release                          :  (000000006119B4D8)
[LOG] SoundI::release                          : release subsounds. (000000006119B4D8)
[LOG] SoundI::release                          :     NT_Bass (000000001A9B6778)
[LOG] SoundI::release                          :     done
[LOG] SoundI::release                          : release codec. (000000006119B4D8)
[LOG] SoundI::release                          : done
[LOG] SoundI::release                          :  (000000006119B928)
[LOG] SoundI::release                          : release subsounds. (000000006119B928)
[LOG] SoundI::release                          :     NT_KickSnare (0000000060DFC878)
[LOG] SoundI::release                          :     done
[LOG] SoundI::release                          : release codec. (000000006119B928)
[LOG] SoundI::release                          : done
[LOG] SoundI::release                          :  (000000006119BC08)
[LOG] SoundI::release                          : release subsounds. (000000006119BC08)
[LOG] SoundI::release                          :     NT_GTRsolo (000000001A9B6AB8)
[LOG] SoundI::release                          :     done
[LOG] SoundI::release                          : release codec. (000000006119BC08)
[LOG] SoundI::release                          : done
[LOG] SoundI::release                          :  (000000006119B7B8)
[LOG] SoundI::release                          : release subsounds. (000000006119B7B8)
[LOG] SoundI::release                          :     NT_MidRawBass (000000001A9B65D8)
[LOG] SoundI::release                          :     done
[LOG] SoundI::release                          : release codec. (000000006119B7B8)
[LOG] SoundI::release                          : done
[LOG] Thread::callback                         : FMOD Studio update thread finished.
[LOG] Thread::callback                         : FMOD Studio bank load thread finished.
[LOG] Profile::disconnectAll                   : Profiler disconnecting all clients
[LOG] Thread::callback                         : FMOD Studio sample load thread finished.
[LOG] LiveUpdate::release                      : 
[LOG] LiveUpdate::reset                        : Reset connection (reason Disconnected)
[LOG] SystemI::close                           : 
[LOG] SystemI::close                           : Stop all sounds
[LOG] Thread::callback                         : FMOD stream thread finished.
[LOG] SystemI::close                           : Stream thread destroyed
[LOG] Thread::callback                         : FMOD mixer thread finished.
[LOG] Profile::disconnectAll                   : Profiler disconnecting all clients
[LOG] SystemI::close                           : Free master channel group.
[LOG] SystemI::close                           : Remove 'master' sound group.
[LOG] SystemI::close                           : Free software output.
[LOG] SystemI::close                           : Free emulated output.
[LOG] SystemI::close                           : Free channel pool.
[LOG] SystemI::close                           : done.

