[LOG] System::create                           : Header version = 1.10.00. Current version = 1.10.00.
[LOG] Manager::init                            : maxchannels = 256 studioflags = 00000006 flags 00000000 extradriverdata 0000000000000000.
[LOG] SystemI::init                            : FMOD Studio Version: 00011000 (90329)
[LOG] SystemI::init                            : maxchannels = 256, flags = 00020000, extradriverdata = 0000000000000000
[LOG] SystemI::setOutputInternal               : Setting output to type 0
[LOG] SystemI::setOutputInternal               : Setting output to type 8
[LOG] SystemI::setOutputInternal               : Setting output to type 8
[LOG] OutputWASAPI::init                       : Mix Format (WAVEFORMATEX): wFormatTag=0xFFFE, nChannels=8, nSamplesPerSec=48000, nAvgBytesPerSec=1536000, nBlockAlign=32, wBitsPerSample=32, cbSize=22.
[LOG] OutputWASAPI::init                       : Mix Format (WAVEFORMATEXTENSIBLE): wValidBitsPerSample=32, dwChannelMask=0x0000063F, SubFormat=00000003-0000-0010-8000-00AA00389B71.
[LOG] OutputWASAPI::init                       : Output buffer size: 4096 samples, latency: 0.00ms, period: 10.00ms, DSP buffer: 1024 * 4
[LOG] SystemI::init                            : Create master channel group and master sound group.
[LOG] DownMix::init                            : dspbuffersize: 1024  rate: 48000. output speaker mode: 7, input speaker mode 3
[LOG] DownMix::init                            : done.
[LOG] SystemI::init                            : Set up emulated output.  256 channels
[LOG] SystemI::init                            : create the channel pool
[LOG] SystemI::init                            : create the stream thread
[LOG] Thread::initThread                       : Init FMOD stream thread. Priority: 2, Stack Size: 65536, Semaphore: No, Sleep Time: 10, Looping: Yes.
[LOG] Thread::initThread                       : Init FMOD mixer thread. Priority: 3, Stack Size: 49152, Semaphore: No, Sleep Time: 0, Looping: Yes.
<<<<<<< HEAD
[LOG] AsyncManager::init                       : manager 00000000473BB378 isAsync 0 updatePeriod 0.02
=======
[LOG] AsyncManager::init                       : manager 0000000016D888D8 isAsync 0 updatePeriod 0.02
>>>>>>> origin/master
[LOG] AsyncManager::init                       : done
[LOG] PlaybackSystem::init                     : 
[LOG] Thread::initThread                       : Init FMOD Studio sample load thread. Priority: 0, Stack Size: 65536, Semaphore: No, Sleep Time: 1, Looping: No.
[LOG] PlaybackSystem::init                     : done
[LOG] Thread::initThread                       : Init FMOD Studio bank load thread. Priority: 0, Stack Size: 65536, Semaphore: No, Sleep Time: 1, Looping: No.
[LOG] Manager::init                            : done.
[LOG] SystemI::createSoundInternal             : filename =  : mode 02000202
[LOG] SystemI::createSoundInternal             : exinfo->cbsize             = 232
[LOG] SystemI::createSoundInternal             : exinfo->length             = 18381504
[LOG] SystemI::createSoundInternal             : exinfo->fileoffset         = 35872
[LOG] SystemI::createSoundInternal             : exinfo->numsubsounds       = 1
[LOG] SystemI::createSoundInternal             : exinfo->inclusionlist      = 00000000702FF5FC
[LOG] SystemI::createSoundInternal             : exinfo->inclusionlistnum   = 1
[LOG] SystemI::createSoundInternal             : exinfo->suggestedsoundtype = 5
[LOG] SystemI::createSoundInternal             : exinfo->useropen           = 00007FF9F1F35C70
[LOG] SystemI::createSoundInternal             : exinfo->userclose          = 00007FF9F1F35C40
[LOG] SystemI::createSoundInternal             : exinfo->userread           = 00007FF9F1F35D40
[LOG] SystemI::createSoundInternal             : exinfo->userseek           = 00007FF9F1F35DF0
[LOG] SystemI::createSoundInternal             : exinfo->fileuserdata       = 00000000472E93B8
[LOG] SystemI::createSoundInternal             : exinfo->initialseekpostype = 1
[LOG] SystemI::DSPCodecPoolRegister            : register codec pool for pool type 5
[LOG] SystemI::createSoundInternal             : Format has 1 subsounds.
[LOG] SystemI::createSoundInternal             : Create as FMOD_CREATESAMPLE
[LOG] SystemI::createSoundInternal             : Multi-sample sound (1 subsounds), create a sample container.
[LOG] SystemI::createSoundInternal             : creating subsound 0/1
[LOG] SystemI::createSample                    : mode 02000202 length 20216 samples, lengthbytes 3424
[LOG] SystemI::createSample                    : channels = 2
[LOG] SystemI::createSample                    : output = 00000000470C3F98
[LOG] OutputSoftware::createSample             : lengthpcm 20216, lengthbytes 3424, channels 2, format 2, freq 48000, mode 0200020a
[LOG] SystemI::createSoundInternal             : No name found in file, use filename.
[LOG] SystemI::createSoundInternal             : done.  OpenState now = FMOD_OPENSTATE_READY.

[LOG] SystemI::createSoundInternal             : filename =  : mode 02000202
[LOG] SystemI::createSoundInternal             : exinfo->cbsize             = 232
[LOG] SystemI::createSoundInternal             : exinfo->length             = 18381504
[LOG] SystemI::createSoundInternal             : exinfo->fileoffset         = 35872
[LOG] SystemI::createSoundInternal             : exinfo->numsubsounds       = 1
[LOG] SystemI::createSoundInternal             : exinfo->inclusionlist      = 00000000702FF5FC
[LOG] SystemI::createSoundInternal             : exinfo->inclusionlistnum   = 1
[LOG] SystemI::createSoundInternal             : exinfo->suggestedsoundtype = 5
[LOG] SystemI::createSoundInternal             : exinfo->useropen           = 00007FF9F1F35C70
[LOG] SystemI::createSoundInternal             : exinfo->userclose          = 00007FF9F1F35C40
[LOG] SystemI::createSoundInternal             : exinfo->userread           = 00007FF9F1F35D40
[LOG] SystemI::createSoundInternal             : exinfo->userseek           = 00007FF9F1F35DF0
[LOG] SystemI::createSoundInternal             : exinfo->fileuserdata       = 00000000472E93B8
[LOG] SystemI::createSoundInternal             : exinfo->initialseekpostype = 1
[LOG] SystemI::DSPCodecPoolRegister            : register codec pool for pool type 5
[LOG] SystemI::createSoundInternal             : Format has 1 subsounds.
[LOG] SystemI::createSoundInternal             : Create as FMOD_CREATESAMPLE
[LOG] SystemI::createSoundInternal             : Multi-sample sound (1 subsounds), create a sample container.
[LOG] SystemI::createSoundInternal             : creating subsound 0/1
[LOG] SystemI::createSample                    : mode 02000202 length 15226 samples, lengthbytes 2464
[LOG] SystemI::createSample                    : channels = 2
[LOG] SystemI::createSample                    : output = 00000000470C3F98
[LOG] OutputSoftware::createSample             : lengthpcm 15226, lengthbytes 2464, channels 2, format 2, freq 48000, mode 0200020a
[LOG] SystemI::createSoundInternal             : No name found in file, use filename.
[LOG] SystemI::createSoundInternal             : done.  OpenState now = FMOD_OPENSTATE_READY.

[LOG] SystemI::createSoundInternal             : filename =  : mode 02000202
[LOG] SystemI::createSoundInternal             : exinfo->cbsize             = 232
[LOG] SystemI::createSoundInternal             : exinfo->length             = 18381504
[LOG] SystemI::createSoundInternal             : exinfo->fileoffset         = 35872
[LOG] SystemI::createSoundInternal             : exinfo->numsubsounds       = 1
[LOG] SystemI::createSoundInternal             : exinfo->inclusionlist      = 00000000702FF5FC
[LOG] SystemI::createSoundInternal             : exinfo->inclusionlistnum   = 1
[LOG] SystemI::createSoundInternal             : exinfo->suggestedsoundtype = 5
[LOG] SystemI::createSoundInternal             : exinfo->useropen           = 00007FF9F1F35C70
[LOG] SystemI::createSoundInternal             : exinfo->userclose          = 00007FF9F1F35C40
[LOG] SystemI::createSoundInternal             : exinfo->userread           = 00007FF9F1F35D40
[LOG] SystemI::createSoundInternal             : exinfo->userseek           = 00007FF9F1F35DF0
[LOG] SystemI::createSoundInternal             : exinfo->fileuserdata       = 00000000472E93B8
[LOG] SystemI::createSoundInternal             : exinfo->initialseekpostype = 1
[LOG] SystemI::DSPCodecPoolRegister            : register codec pool for pool type 5
[LOG] SystemI::createSoundInternal             : Format has 1 subsounds.
[LOG] SystemI::createSoundInternal             : Create as FMOD_CREATESAMPLE
[LOG] SystemI::createSoundInternal             : Multi-sample sound (1 subsounds), create a sample container.
[LOG] SystemI::createSoundInternal             : creating subsound 0/1
[LOG] SystemI::createSample                    : mode 02000202 length 19194 samples, lengthbytes 3104
[LOG] SystemI::createSample                    : channels = 2
[LOG] SystemI::createSample                    : output = 00000000470C3F98
[LOG] OutputSoftware::createSample             : lengthpcm 19194, lengthbytes 3104, channels 2, format 2, freq 48000, mode 0200020a
[LOG] SystemI::createSoundInternal             : No name found in file, use filename.
[LOG] SystemI::createSoundInternal             : done.  OpenState now = FMOD_OPENSTATE_READY.

[LOG] SystemI::createSoundInternal             : filename =  : mode 02000202
[LOG] SystemI::createSoundInternal             : exinfo->cbsize             = 232
[LOG] SystemI::createSoundInternal             : exinfo->length             = 18381504
[LOG] SystemI::createSoundInternal             : exinfo->fileoffset         = 35872
[LOG] SystemI::createSoundInternal             : exinfo->numsubsounds       = 1
[LOG] SystemI::createSoundInternal             : exinfo->inclusionlist      = 00000000702FF5FC
[LOG] SystemI::createSoundInternal             : exinfo->inclusionlistnum   = 1
[LOG] SystemI::createSoundInternal             : exinfo->suggestedsoundtype = 5
[LOG] SystemI::createSoundInternal             : exinfo->useropen           = 00007FF9F1F35C70
[LOG] SystemI::createSoundInternal             : exinfo->userclose          = 00007FF9F1F35C40
[LOG] SystemI::createSoundInternal             : exinfo->userread           = 00007FF9F1F35D40
[LOG] SystemI::createSoundInternal             : exinfo->userseek           = 00007FF9F1F35DF0
[LOG] SystemI::createSoundInternal             : exinfo->fileuserdata       = 00000000472E93B8
[LOG] SystemI::createSoundInternal             : exinfo->initialseekpostype = 1
[LOG] SystemI::DSPCodecPoolRegister            : register codec pool for pool type 5
[LOG] SystemI::createSoundInternal             : Format has 1 subsounds.
[LOG] SystemI::createSoundInternal             : Create as FMOD_CREATESAMPLE
[LOG] SystemI::createSoundInternal             : Multi-sample sound (1 subsounds), create a sample container.
[LOG] SystemI::createSoundInternal             : creating subsound 0/1
[LOG] SystemI::createSample                    : mode 02000202 length 15451 samples, lengthbytes 2528
[LOG] SystemI::createSample                    : channels = 2
[LOG] SystemI::createSample                    : output = 00000000470C3F98
[LOG] OutputSoftware::createSample             : lengthpcm 15451, lengthbytes 2528, channels 2, format 2, freq 48000, mode 0200020a
[LOG] SystemI::createSoundInternal             : No name found in file, use filename.
[LOG] SystemI::createSoundInternal             : done.  OpenState now = FMOD_OPENSTATE_READY.

[LOG] SystemI::createSoundInternal             : filename =  : mode 02000202
[LOG] SystemI::createSoundInternal             : exinfo->cbsize             = 232
[LOG] SystemI::createSoundInternal             : exinfo->length             = 18381504
[LOG] SystemI::createSoundInternal             : exinfo->fileoffset         = 35872
[LOG] SystemI::createSoundInternal             : exinfo->numsubsounds       = 1
[LOG] SystemI::createSoundInternal             : exinfo->inclusionlist      = 00000000702FF5FC
[LOG] SystemI::createSoundInternal             : exinfo->inclusionlistnum   = 1
[LOG] SystemI::createSoundInternal             : exinfo->suggestedsoundtype = 5
[LOG] SystemI::createSoundInternal             : exinfo->useropen           = 00007FF9F1F35C70
[LOG] SystemI::createSoundInternal             : exinfo->userclose          = 00007FF9F1F35C40
[LOG] SystemI::createSoundInternal             : exinfo->userread           = 00007FF9F1F35D40
[LOG] SystemI::createSoundInternal             : exinfo->userseek           = 00007FF9F1F35DF0
[LOG] SystemI::createSoundInternal             : exinfo->fileuserdata       = 00000000472E93B8
[LOG] SystemI::createSoundInternal             : exinfo->initialseekpostype = 1
[LOG] SystemI::DSPCodecPoolRegister            : register codec pool for pool type 5
[LOG] SystemI::createSoundInternal             : Format has 1 subsounds.
[LOG] SystemI::createSoundInternal             : Create as FMOD_CREATESAMPLE
[LOG] SystemI::createSoundInternal             : Multi-sample sound (1 subsounds), create a sample container.
[LOG] SystemI::createSoundInternal             : creating subsound 0/1
[LOG] SystemI::createSample                    : mode 02000202 length 19010 samples, lengthbytes 3072
[LOG] SystemI::createSample                    : channels = 2
[LOG] SystemI::createSample                    : output = 00000000470C3F98
[LOG] OutputSoftware::createSample             : lengthpcm 19010, lengthbytes 3072, channels 2, format 2, freq 48000, mode 0200020a
[LOG] SystemI::createSoundInternal             : No name found in file, use filename.
[LOG] SystemI::createSoundInternal             : done.  OpenState now = FMOD_OPENSTATE_READY.

[LOG] SystemI::createSoundInternal             : filename =  : mode 02000202
[LOG] SystemI::createSoundInternal             : exinfo->cbsize             = 232
[LOG] SystemI::createSoundInternal             : exinfo->length             = 18381504
[LOG] SystemI::createSoundInternal             : exinfo->fileoffset         = 35872
[LOG] SystemI::createSoundInternal             : exinfo->numsubsounds       = 1
[LOG] SystemI::createSoundInternal             : exinfo->inclusionlist      = 00000000702FF5FC
[LOG] SystemI::createSoundInternal             : exinfo->inclusionlistnum   = 1
[LOG] SystemI::createSoundInternal             : exinfo->suggestedsoundtype = 5
[LOG] SystemI::createSoundInternal             : exinfo->useropen           = 00007FF9F1F35C70
[LOG] SystemI::createSoundInternal             : exinfo->userclose          = 00007FF9F1F35C40
[LOG] SystemI::createSoundInternal             : exinfo->userread           = 00007FF9F1F35D40
[LOG] SystemI::createSoundInternal             : exinfo->userseek           = 00007FF9F1F35DF0
[LOG] SystemI::createSoundInternal             : exinfo->fileuserdata       = 00000000472E93B8
[LOG] SystemI::createSoundInternal             : exinfo->initialseekpostype = 1
[LOG] SystemI::DSPCodecPoolRegister            : register codec pool for pool type 5
[LOG] SystemI::createSoundInternal             : Format has 1 subsounds.
[LOG] SystemI::createSoundInternal             : Create as FMOD_CREATESAMPLE
[LOG] SystemI::createSoundInternal             : Multi-sample sound (1 subsounds), create a sample container.
[LOG] SystemI::createSoundInternal             : creating subsound 0/1
[LOG] SystemI::createSample                    : mode 02000202 length 19493 samples, lengthbytes 2976
[LOG] SystemI::createSample                    : channels = 2
[LOG] SystemI::createSample                    : output = 00000000470C3F98
[LOG] OutputSoftware::createSample             : lengthpcm 19493, lengthbytes 2976, channels 2, format 2, freq 48000, mode 0200020a
[LOG] SystemI::createSoundInternal             : No name found in file, use filename.
[LOG] SystemI::createSoundInternal             : done.  OpenState now = FMOD_OPENSTATE_READY.

[LOG] SystemI::createSoundInternal             : filename =  : mode 02000202
[LOG] SystemI::createSoundInternal             : exinfo->cbsize             = 232
[LOG] SystemI::createSoundInternal             : exinfo->length             = 18381504
[LOG] SystemI::createSoundInternal             : exinfo->fileoffset         = 35872
[LOG] SystemI::createSoundInternal             : exinfo->numsubsounds       = 1
[LOG] SystemI::createSoundInternal             : exinfo->inclusionlist      = 00000000702FF5FC
[LOG] SystemI::createSoundInternal             : exinfo->inclusionlistnum   = 1
[LOG] SystemI::createSoundInternal             : exinfo->suggestedsoundtype = 5
[LOG] SystemI::createSoundInternal             : exinfo->useropen           = 00007FF9F1F35C70
[LOG] SystemI::createSoundInternal             : exinfo->userclose          = 00007FF9F1F35C40
[LOG] SystemI::createSoundInternal             : exinfo->userread           = 00007FF9F1F35D40
[LOG] SystemI::createSoundInternal             : exinfo->userseek           = 00007FF9F1F35DF0
[LOG] SystemI::createSoundInternal             : exinfo->fileuserdata       = 00000000472E93B8
[LOG] SystemI::createSoundInternal             : exinfo->initialseekpostype = 1
[LOG] SystemI::DSPCodecPoolRegister            : register codec pool for pool type 5
[LOG] SystemI::createSoundInternal             : Format has 1 subsounds.
[LOG] SystemI::createSoundInternal             : Create as FMOD_CREATESAMPLE
[LOG] SystemI::createSoundInternal             : Multi-sample sound (1 subsounds), create a sample container.
[LOG] SystemI::createSoundInternal             : creating subsound 0/1
[LOG] SystemI::createSample                    : mode 02000202 length 15739 samples, lengthbytes 2560
[LOG] SystemI::createSample                    : channels = 2
[LOG] SystemI::createSample                    : output = 00000000470C3F98
[LOG] OutputSoftware::createSample             : lengthpcm 15739, lengthbytes 2560, channels 2, format 2, freq 48000, mode 0200020a
[LOG] SystemI::createSoundInternal             : No name found in file, use filename.
[LOG] SystemI::createSoundInternal             : done.  OpenState now = FMOD_OPENSTATE_READY.

[LOG] SystemI::createSoundInternal             : filename =  : mode 02000202
[LOG] SystemI::createSoundInternal             : exinfo->cbsize             = 232
[LOG] SystemI::createSoundInternal             : exinfo->length             = 18381504
[LOG] SystemI::createSoundInternal             : exinfo->fileoffset         = 35872
[LOG] SystemI::createSoundInternal             : exinfo->numsubsounds       = 1
[LOG] SystemI::createSoundInternal             : exinfo->inclusionlist      = 00000000702FF5FC
[LOG] SystemI::createSoundInternal             : exinfo->inclusionlistnum   = 1
[LOG] SystemI::createSoundInternal             : exinfo->suggestedsoundtype = 5
[LOG] SystemI::createSoundInternal             : exinfo->useropen           = 00007FF9F1F35C70
[LOG] SystemI::createSoundInternal             : exinfo->userclose          = 00007FF9F1F35C40
[LOG] SystemI::createSoundInternal             : exinfo->userread           = 00007FF9F1F35D40
[LOG] SystemI::createSoundInternal             : exinfo->userseek           = 00007FF9F1F35DF0
[LOG] SystemI::createSoundInternal             : exinfo->fileuserdata       = 00000000472E93B8
[LOG] SystemI::createSoundInternal             : exinfo->initialseekpostype = 1
[LOG] SystemI::DSPCodecPoolRegister            : register codec pool for pool type 5
[LOG] SystemI::createSoundInternal             : Format has 1 subsounds.
[LOG] SystemI::createSoundInternal             : Create as FMOD_CREATESAMPLE
[LOG] SystemI::createSoundInternal             : Multi-sample sound (1 subsounds), create a sample container.
[LOG] SystemI::createSoundInternal             : creating subsound 0/1
[LOG] SystemI::createSample                    : mode 02000202 length 22815 samples, lengthbytes 4096
[LOG] SystemI::createSample                    : channels = 2
[LOG] SystemI::createSample                    : output = 00000000470C3F98
[LOG] OutputSoftware::createSample             : lengthpcm 22815, lengthbytes 4096, channels 2, format 2, freq 48000, mode 0200020a
[LOG] SystemI::createSoundInternal             : No name found in file, use filename.
[LOG] SystemI::createSoundInternal             : done.  OpenState now = FMOD_OPENSTATE_READY.

[LOG] SystemI::createSoundInternal             : filename =  : mode 02000202
[LOG] SystemI::createSoundInternal             : exinfo->cbsize             = 232
[LOG] SystemI::createSoundInternal             : exinfo->length             = 18381504
[LOG] SystemI::createSoundInternal             : exinfo->fileoffset         = 35872
[LOG] SystemI::createSoundInternal             : exinfo->numsubsounds       = 1
[LOG] SystemI::createSoundInternal             : exinfo->inclusionlist      = 00000000702FF5FC
[LOG] SystemI::createSoundInternal             : exinfo->inclusionlistnum   = 1
[LOG] SystemI::createSoundInternal             : exinfo->suggestedsoundtype = 5
[LOG] SystemI::createSoundInternal             : exinfo->useropen           = 00007FF9F1F35C70
[LOG] SystemI::createSoundInternal             : exinfo->userclose          = 00007FF9F1F35C40
[LOG] SystemI::createSoundInternal             : exinfo->userread           = 00007FF9F1F35D40
[LOG] SystemI::createSoundInternal             : exinfo->userseek           = 00007FF9F1F35DF0
[LOG] SystemI::createSoundInternal             : exinfo->fileuserdata       = 00000000472E93B8
[LOG] SystemI::createSoundInternal             : exinfo->initialseekpostype = 1
[LOG] SystemI::DSPCodecPoolRegister            : register codec pool for pool type 5
[LOG] SystemI::createSoundInternal             : Format has 1 subsounds.
[LOG] SystemI::createSoundInternal             : Create as FMOD_CREATESAMPLE
[LOG] SystemI::createSoundInternal             : Multi-sample sound (1 subsounds), create a sample container.
[LOG] SystemI::createSoundInternal             : creating subsound 0/1
[LOG] SystemI::createSample                    : mode 02000202 length 15306 samples, lengthbytes 2400
[LOG] SystemI::createSample                    : channels = 2
[LOG] SystemI::createSample                    : output = 00000000470C3F98
[LOG] OutputSoftware::createSample             : lengthpcm 15306, lengthbytes 2400, channels 2, format 2, freq 48000, mode 0200020a
[LOG] SystemI::createSoundInternal             : No name found in file, use filename.
[LOG] SystemI::createSoundInternal             : done.  OpenState now = FMOD_OPENSTATE_READY.

[LOG] SystemI::createSoundInternal             : filename =  : mode 02000202
[LOG] SystemI::createSoundInternal             : exinfo->cbsize             = 232
[LOG] SystemI::createSoundInternal             : exinfo->length             = 18381504
[LOG] SystemI::createSoundInternal             : exinfo->fileoffset         = 35872
[LOG] SystemI::createSoundInternal             : exinfo->numsubsounds       = 1
[LOG] SystemI::createSoundInternal             : exinfo->inclusionlist      = 00000000702FF5FC
[LOG] SystemI::createSoundInternal             : exinfo->inclusionlistnum   = 1
[LOG] SystemI::createSoundInternal             : exinfo->suggestedsoundtype = 5
[LOG] SystemI::createSoundInternal             : exinfo->useropen           = 00007FF9F1F35C70
[LOG] SystemI::createSoundInternal             : exinfo->userclose          = 00007FF9F1F35C40
[LOG] SystemI::createSoundInternal             : exinfo->userread           = 00007FF9F1F35D40
[LOG] SystemI::createSoundInternal             : exinfo->userseek           = 00007FF9F1F35DF0
[LOG] SystemI::createSoundInternal             : exinfo->fileuserdata       = 00000000472E93B8
[LOG] SystemI::createSoundInternal             : exinfo->initialseekpostype = 1
[LOG] SystemI::DSPCodecPoolRegister            : register codec pool for pool type 5
[LOG] SystemI::createSoundInternal             : Format has 1 subsounds.
[LOG] SystemI::createSoundInternal             : Create as FMOD_CREATESAMPLE
[LOG] SystemI::createSoundInternal             : Multi-sample sound (1 subsounds), create a sample container.
[LOG] SystemI::createSoundInternal             : creating subsound 0/1
[LOG] SystemI::createSample                    : mode 02000202 length 20793 samples, lengthbytes 3584
[LOG] SystemI::createSample                    : channels = 2
[LOG] SystemI::createSample                    : output = 00000000470C3F98
[LOG] OutputSoftware::createSample             : lengthpcm 20793, lengthbytes 3584, channels 2, format 2, freq 48000, mode 0200020a
[LOG] SystemI::createSoundInternal             : No name found in file, use filename.
[LOG] SystemI::createSoundInternal             : done.  OpenState now = FMOD_OPENSTATE_READY.

[LOG] SystemI::createSoundInternal             : filename =  : mode 02000202
[LOG] SystemI::createSoundInternal             : exinfo->cbsize             = 232
[LOG] SystemI::createSoundInternal             : exinfo->length             = 18381504
[LOG] SystemI::createSoundInternal             : exinfo->fileoffset         = 35872
[LOG] SystemI::createSoundInternal             : exinfo->numsubsounds       = 1
[LOG] SystemI::createSoundInternal             : exinfo->inclusionlist      = 00000000702FF5FC
[LOG] SystemI::createSoundInternal             : exinfo->inclusionlistnum   = 1
[LOG] SystemI::createSoundInternal             : exinfo->suggestedsoundtype = 5
[LOG] SystemI::createSoundInternal             : exinfo->useropen           = 00007FF9F1F35C70
[LOG] SystemI::createSoundInternal             : exinfo->userclose          = 00007FF9F1F35C40
[LOG] SystemI::createSoundInternal             : exinfo->userread           = 00007FF9F1F35D40
[LOG] SystemI::createSoundInternal             : exinfo->userseek           = 00007FF9F1F35DF0
[LOG] SystemI::createSoundInternal             : exinfo->fileuserdata       = 00000000472E93B8
[LOG] SystemI::createSoundInternal             : exinfo->initialseekpostype = 1
[LOG] SystemI::DSPCodecPoolRegister            : register codec pool for pool type 5
[LOG] SystemI::createSoundInternal             : Format has 1 subsounds.
[LOG] SystemI::createSoundInternal             : Create as FMOD_CREATESAMPLE
[LOG] SystemI::createSoundInternal             : Multi-sample sound (1 subsounds), create a sample container.
[LOG] SystemI::createSoundInternal             : creating subsound 0/1
[LOG] SystemI::createSample                    : mode 02000202 length 16606 samples, lengthbytes 3040
[LOG] SystemI::createSample                    : channels = 2
[LOG] SystemI::createSample                    : output = 00000000470C3F98
[LOG] OutputSoftware::createSample             : lengthpcm 16606, lengthbytes 3040, channels 2, format 2, freq 48000, mode 0200020a
[LOG] SystemI::createSoundInternal             : No name found in file, use filename.
[LOG] SystemI::createSoundInternal             : done.  OpenState now = FMOD_OPENSTATE_READY.

[LOG] SystemI::createSoundInternal             : filename =  : mode 02000202
[LOG] SystemI::createSoundInternal             : exinfo->cbsize             = 232
[LOG] SystemI::createSoundInternal             : exinfo->length             = 18381504
[LOG] SystemI::createSoundInternal             : exinfo->fileoffset         = 35872
[LOG] SystemI::createSoundInternal             : exinfo->numsubsounds       = 1
[LOG] SystemI::createSoundInternal             : exinfo->inclusionlist      = 00000000702FF5FC
[LOG] SystemI::createSoundInternal             : exinfo->inclusionlistnum   = 1
[LOG] SystemI::createSoundInternal             : exinfo->suggestedsoundtype = 5
[LOG] SystemI::createSoundInternal             : exinfo->useropen           = 00007FF9F1F35C70
[LOG] SystemI::createSoundInternal             : exinfo->userclose          = 00007FF9F1F35C40
[LOG] SystemI::createSoundInternal             : exinfo->userread           = 00007FF9F1F35D40
[LOG] SystemI::createSoundInternal             : exinfo->userseek           = 00007FF9F1F35DF0
[LOG] SystemI::createSoundInternal             : exinfo->fileuserdata       = 00000000472E93B8
[LOG] SystemI::createSoundInternal             : exinfo->initialseekpostype = 1
[LOG] SystemI::DSPCodecPoolRegister            : register codec pool for pool type 5
[LOG] SystemI::createSoundInternal             : Format has 1 subsounds.
[LOG] SystemI::createSoundInternal             : Create as FMOD_CREATESAMPLE
[LOG] SystemI::createSoundInternal             : Multi-sample sound (1 subsounds), create a sample container.
[LOG] SystemI::createSoundInternal             : creating subsound 0/1
[LOG] SystemI::createSample                    : mode 02000202 length 12852 samples, lengthbytes 2336
[LOG] SystemI::createSample                    : channels = 2
[LOG] SystemI::createSample                    : output = 00000000470C3F98
[LOG] OutputSoftware::createSample             : lengthpcm 12852, lengthbytes 2336, channels 2, format 2, freq 48000, mode 0200020a
[LOG] SystemI::createSoundInternal             : No name found in file, use filename.
[LOG] SystemI::createSoundInternal             : done.  OpenState now = FMOD_OPENSTATE_READY.

[LOG] SystemI::createSoundInternal             : filename =  : mode 02000202
[LOG] SystemI::createSoundInternal             : exinfo->cbsize             = 232
[LOG] SystemI::createSoundInternal             : exinfo->length             = 18381504
[LOG] SystemI::createSoundInternal             : exinfo->fileoffset         = 35872
[LOG] SystemI::createSoundInternal             : exinfo->numsubsounds       = 1
[LOG] SystemI::createSoundInternal             : exinfo->inclusionlist      = 00000000702FF5FC
[LOG] SystemI::createSoundInternal             : exinfo->inclusionlistnum   = 1
[LOG] SystemI::createSoundInternal             : exinfo->suggestedsoundtype = 5
[LOG] SystemI::createSoundInternal             : exinfo->useropen           = 00007FF9F1F35C70
[LOG] SystemI::createSoundInternal             : exinfo->userclose          = 00007FF9F1F35C40
[LOG] SystemI::createSoundInternal             : exinfo->userread           = 00007FF9F1F35D40
[LOG] SystemI::createSoundInternal             : exinfo->userseek           = 00007FF9F1F35DF0
[LOG] SystemI::createSoundInternal             : exinfo->fileuserdata       = 00000000472E93B8
[LOG] SystemI::createSoundInternal             : exinfo->initialseekpostype = 1
[LOG] SystemI::DSPCodecPoolRegister            : register codec pool for pool type 5
[LOG] SystemI::createSoundInternal             : Format has 1 subsounds.
[LOG] SystemI::createSoundInternal             : Create as FMOD_CREATESAMPLE
[LOG] SystemI::createSoundInternal             : Multi-sample sound (1 subsounds), create a sample container.
[LOG] SystemI::createSoundInternal             : creating subsound 0/1
[LOG] SystemI::createSample                    : mode 02000202 length 17472 samples, lengthbytes 2784
[LOG] SystemI::createSample                    : channels = 2
[LOG] SystemI::createSample                    : output = 00000000470C3F98
[LOG] OutputSoftware::createSample             : lengthpcm 17472, lengthbytes 2784, channels 2, format 2, freq 48000, mode 0200020a
[LOG] SystemI::createSoundInternal             : No name found in file, use filename.
[LOG] SystemI::createSoundInternal             : done.  OpenState now = FMOD_OPENSTATE_READY.

[LOG] SystemI::createSoundInternal             : filename =  : mode 02000202
[LOG] SystemI::createSoundInternal             : exinfo->cbsize             = 232
[LOG] SystemI::createSoundInternal             : exinfo->length             = 18381504
[LOG] SystemI::createSoundInternal             : exinfo->fileoffset         = 35872
[LOG] SystemI::createSoundInternal             : exinfo->numsubsounds       = 1
[LOG] SystemI::createSoundInternal             : exinfo->inclusionlist      = 00000000702FF5FC
[LOG] SystemI::createSoundInternal             : exinfo->inclusionlistnum   = 1
[LOG] SystemI::createSoundInternal             : exinfo->suggestedsoundtype = 5
[LOG] SystemI::createSoundInternal             : exinfo->useropen           = 00007FF9F1F35C70
[LOG] SystemI::createSoundInternal             : exinfo->userclose          = 00007FF9F1F35C40
[LOG] SystemI::createSoundInternal             : exinfo->userread           = 00007FF9F1F35D40
[LOG] SystemI::createSoundInternal             : exinfo->userseek           = 00007FF9F1F35DF0
[LOG] SystemI::createSoundInternal             : exinfo->fileuserdata       = 00000000472E93B8
[LOG] SystemI::createSoundInternal             : exinfo->initialseekpostype = 1
[LOG] SystemI::DSPCodecPoolRegister            : register codec pool for pool type 5
[LOG] SystemI::createSoundInternal             : Format has 1 subsounds.
[LOG] SystemI::createSoundInternal             : Create as FMOD_CREATESAMPLE
[LOG] SystemI::createSoundInternal             : Multi-sample sound (1 subsounds), create a sample container.
[LOG] SystemI::createSoundInternal             : creating subsound 0/1
[LOG] SystemI::createSample                    : mode 02000202 length 19352 samples, lengthbytes 3328
[LOG] SystemI::createSample                    : channels = 2
[LOG] SystemI::createSample                    : output = 00000000470C3F98
[LOG] OutputSoftware::createSample             : lengthpcm 19352, lengthbytes 3328, channels 2, format 2, freq 48000, mode 0200020a
[LOG] SystemI::createSoundInternal             : No name found in file, use filename.
[LOG] SystemI::createSoundInternal             : done.  OpenState now = FMOD_OPENSTATE_READY.

[LOG] SystemI::createSoundInternal             : filename =  : mode 02000202
[LOG] SystemI::createSoundInternal             : exinfo->cbsize             = 232
[LOG] SystemI::createSoundInternal             : exinfo->length             = 18381504
[LOG] SystemI::createSoundInternal             : exinfo->fileoffset         = 35872
[LOG] SystemI::createSoundInternal             : exinfo->numsubsounds       = 1
[LOG] SystemI::createSoundInternal             : exinfo->inclusionlist      = 00000000702FF5FC
[LOG] SystemI::createSoundInternal             : exinfo->inclusionlistnum   = 1
[LOG] SystemI::createSoundInternal             : exinfo->suggestedsoundtype = 5
[LOG] SystemI::createSoundInternal             : exinfo->useropen           = 00007FF9F1F35C70
[LOG] SystemI::createSoundInternal             : exinfo->userclose          = 00007FF9F1F35C40
[LOG] SystemI::createSoundInternal             : exinfo->userread           = 00007FF9F1F35D40
[LOG] SystemI::createSoundInternal             : exinfo->userseek           = 00007FF9F1F35DF0
[LOG] SystemI::createSoundInternal             : exinfo->fileuserdata       = 00000000472E93B8
[LOG] SystemI::createSoundInternal             : exinfo->initialseekpostype = 1
[LOG] SystemI::DSPCodecPoolRegister            : register codec pool for pool type 5
[LOG] SystemI::createSoundInternal             : Format has 1 subsounds.
[LOG] SystemI::createSoundInternal             : Create as FMOD_CREATESAMPLE
[LOG] SystemI::createSoundInternal             : Multi-sample sound (1 subsounds), create a sample container.
[LOG] SystemI::createSoundInternal             : creating subsound 0/1
[LOG] SystemI::createSample                    : mode 02000202 length 14440 samples, lengthbytes 2368
[LOG] SystemI::createSample                    : channels = 2
[LOG] SystemI::createSample                    : output = 00000000470C3F98
[LOG] OutputSoftware::createSample             : lengthpcm 14440, lengthbytes 2368, channels 2, format 2, freq 48000, mode 0200020a
[LOG] SystemI::createSoundInternal             : No name found in file, use filename.
[LOG] SystemI::createSoundInternal             : done.  OpenState now = FMOD_OPENSTATE_READY.

[LOG] SystemI::createSoundInternal             : filename =  : mode 02000202
[LOG] SystemI::createSoundInternal             : exinfo->cbsize             = 232
[LOG] SystemI::createSoundInternal             : exinfo->length             = 18381504
[LOG] SystemI::createSoundInternal             : exinfo->fileoffset         = 35872
[LOG] SystemI::createSoundInternal             : exinfo->numsubsounds       = 1
[LOG] SystemI::createSoundInternal             : exinfo->inclusionlist      = 00000000702FF5FC
[LOG] SystemI::createSoundInternal             : exinfo->inclusionlistnum   = 1
[LOG] SystemI::createSoundInternal             : exinfo->suggestedsoundtype = 5
[LOG] SystemI::createSoundInternal             : exinfo->useropen           = 00007FF9F1F35C70
[LOG] SystemI::createSoundInternal             : exinfo->userclose          = 00007FF9F1F35C40
[LOG] SystemI::createSoundInternal             : exinfo->userread           = 00007FF9F1F35D40
[LOG] SystemI::createSoundInternal             : exinfo->userseek           = 00007FF9F1F35DF0
[LOG] SystemI::createSoundInternal             : exinfo->fileuserdata       = 00000000472E93B8
[LOG] SystemI::createSoundInternal             : exinfo->initialseekpostype = 1
[LOG] SystemI::DSPCodecPoolRegister            : register codec pool for pool type 5
[LOG] SystemI::createSoundInternal             : Format has 1 subsounds.
[LOG] SystemI::createSoundInternal             : Create as FMOD_CREATESAMPLE
[LOG] SystemI::createSoundInternal             : Multi-sample sound (1 subsounds), create a sample container.
[LOG] SystemI::createSoundInternal             : creating subsound 0/1
[LOG] SystemI::createSample                    : mode 02000202 length 20505 samples, lengthbytes 3296
[LOG] SystemI::createSample                    : channels = 2
[LOG] SystemI::createSample                    : output = 00000000470C3F98
[LOG] OutputSoftware::createSample             : lengthpcm 20505, lengthbytes 3296, channels 2, format 2, freq 48000, mode 0200020a
[LOG] SystemI::createSoundInternal             : No name found in file, use filename.
[LOG] SystemI::createSoundInternal             : done.  OpenState now = FMOD_OPENSTATE_READY.

[LOG] SystemI::createSoundInternal             : filename =  : mode 02000202
[LOG] SystemI::createSoundInternal             : exinfo->cbsize             = 232
[LOG] SystemI::createSoundInternal             : exinfo->length             = 18381504
[LOG] SystemI::createSoundInternal             : exinfo->fileoffset         = 35872
[LOG] SystemI::createSoundInternal             : exinfo->numsubsounds       = 1
[LOG] SystemI::createSoundInternal             : exinfo->inclusionlist      = 00000000702FF5FC
[LOG] SystemI::createSoundInternal             : exinfo->inclusionlistnum   = 1
[LOG] SystemI::createSoundInternal             : exinfo->suggestedsoundtype = 5
[LOG] SystemI::createSoundInternal             : exinfo->useropen           = 00007FF9F1F35C70
[LOG] SystemI::createSoundInternal             : exinfo->userclose          = 00007FF9F1F35C40
[LOG] SystemI::createSoundInternal             : exinfo->userread           = 00007FF9F1F35D40
[LOG] SystemI::createSoundInternal             : exinfo->userseek           = 00007FF9F1F35DF0
[LOG] SystemI::createSoundInternal             : exinfo->fileuserdata       = 00000000472E93B8
[LOG] SystemI::createSoundInternal             : exinfo->initialseekpostype = 1
[LOG] SystemI::DSPCodecPoolRegister            : register codec pool for pool type 5
[LOG] SystemI::createSoundInternal             : Format has 1 subsounds.
[LOG] SystemI::createSoundInternal             : Create as FMOD_CREATESAMPLE
[LOG] SystemI::createSoundInternal             : Multi-sample sound (1 subsounds), create a sample container.
[LOG] SystemI::createSoundInternal             : creating subsound 0/1
[LOG] SystemI::createSample                    : mode 02000202 length 16030 samples, lengthbytes 2688
[LOG] SystemI::createSample                    : channels = 2
[LOG] SystemI::createSample                    : output = 00000000470C3F98
[LOG] OutputSoftware::createSample             : lengthpcm 16030, lengthbytes 2688, channels 2, format 2, freq 48000, mode 0200020a
[LOG] SystemI::createSoundInternal             : No name found in file, use filename.
[LOG] SystemI::createSoundInternal             : done.  OpenState now = FMOD_OPENSTATE_READY.

[LOG] SystemI::createSoundInternal             : filename =  : mode 02000202
[LOG] SystemI::createSoundInternal             : exinfo->cbsize             = 232
[LOG] SystemI::createSoundInternal             : exinfo->length             = 18381504
[LOG] SystemI::createSoundInternal             : exinfo->fileoffset         = 35872
[LOG] SystemI::createSoundInternal             : exinfo->numsubsounds       = 1
[LOG] SystemI::createSoundInternal             : exinfo->inclusionlist      = 00000000702FF5FC
[LOG] SystemI::createSoundInternal             : exinfo->inclusionlistnum   = 1
[LOG] SystemI::createSoundInternal             : exinfo->suggestedsoundtype = 5
[LOG] SystemI::createSoundInternal             : exinfo->useropen           = 00007FF9F1F35C70
[LOG] SystemI::createSoundInternal             : exinfo->userclose          = 00007FF9F1F35C40
[LOG] SystemI::createSoundInternal             : exinfo->userread           = 00007FF9F1F35D40
[LOG] SystemI::createSoundInternal             : exinfo->userseek           = 00007FF9F1F35DF0
[LOG] SystemI::createSoundInternal             : exinfo->fileuserdata       = 00000000472E93B8
[LOG] SystemI::createSoundInternal             : exinfo->initialseekpostype = 1
[LOG] SystemI::DSPCodecPoolRegister            : register codec pool for pool type 5
[LOG] SystemI::createSoundInternal             : Format has 1 subsounds.
[LOG] SystemI::createSoundInternal             : Create as FMOD_CREATESAMPLE
[LOG] SystemI::createSoundInternal             : Multi-sample sound (1 subsounds), create a sample container.
[LOG] SystemI::createSoundInternal             : creating subsound 0/1
[LOG] SystemI::createSample                    : mode 02000202 length 24000 samples, lengthbytes 3744
[LOG] SystemI::createSample                    : channels = 2
[LOG] SystemI::createSample                    : output = 00000000470C3F98
[LOG] OutputSoftware::createSample             : lengthpcm 24000, lengthbytes 3744, channels 2, format 2, freq 48000, mode 0200020a
[LOG] SystemI::createSoundInternal             : No name found in file, use filename.
[LOG] SystemI::createSoundInternal             : done.  OpenState now = FMOD_OPENSTATE_READY.

[LOG] SystemI::createSoundInternal             : filename =  : mode 02000202
[LOG] SystemI::createSoundInternal             : exinfo->cbsize             = 232
[LOG] SystemI::createSoundInternal             : exinfo->length             = 18381504
[LOG] SystemI::createSoundInternal             : exinfo->fileoffset         = 35872
[LOG] SystemI::createSoundInternal             : exinfo->numsubsounds       = 1
[LOG] SystemI::createSoundInternal             : exinfo->inclusionlist      = 00000000702FF5FC
[LOG] SystemI::createSoundInternal             : exinfo->inclusionlistnum   = 1
[LOG] SystemI::createSoundInternal             : exinfo->suggestedsoundtype = 5
[LOG] SystemI::createSoundInternal             : exinfo->useropen           = 00007FF9F1F35C70
[LOG] SystemI::createSoundInternal             : exinfo->userclose          = 00007FF9F1F35C40
[LOG] SystemI::createSoundInternal             : exinfo->userread           = 00007FF9F1F35D40
[LOG] SystemI::createSoundInternal             : exinfo->userseek           = 00007FF9F1F35DF0
[LOG] SystemI::createSoundInternal             : exinfo->fileuserdata       = 00000000472E93B8
[LOG] SystemI::createSoundInternal             : exinfo->initialseekpostype = 1
[LOG] SystemI::DSPCodecPoolRegister            : register codec pool for pool type 5
[LOG] SystemI::createSoundInternal             : Format has 1 subsounds.
[LOG] SystemI::createSoundInternal             : Create as FMOD_CREATESAMPLE
[LOG] SystemI::createSoundInternal             : Multi-sample sound (1 subsounds), create a sample container.
[LOG] SystemI::createSoundInternal             : creating subsound 0/1
[LOG] SystemI::createSample                    : mode 02000202 length 15747 samples, lengthbytes 2400
[LOG] SystemI::createSample                    : channels = 2
[LOG] SystemI::createSample                    : output = 00000000470C3F98
[LOG] OutputSoftware::createSample             : lengthpcm 15747, lengthbytes 2400, channels 2, format 2, freq 48000, mode 0200020a
[LOG] SystemI::createSoundInternal             : No name found in file, use filename.
[LOG] SystemI::createSoundInternal             : done.  OpenState now = FMOD_OPENSTATE_READY.

[LOG] SystemI::createSoundInternal             : filename =  : mode 02000202
[LOG] SystemI::createSoundInternal             : exinfo->cbsize             = 232
[LOG] SystemI::createSoundInternal             : exinfo->length             = 18381504
[LOG] SystemI::createSoundInternal             : exinfo->fileoffset         = 35872
[LOG] SystemI::createSoundInternal             : exinfo->numsubsounds       = 1
[LOG] SystemI::createSoundInternal             : exinfo->inclusionlist      = 00000000702FF5FC
[LOG] SystemI::createSoundInternal             : exinfo->inclusionlistnum   = 1
[LOG] SystemI::createSoundInternal             : exinfo->suggestedsoundtype = 5
[LOG] SystemI::createSoundInternal             : exinfo->useropen           = 00007FF9F1F35C70
[LOG] SystemI::createSoundInternal             : exinfo->userclose          = 00007FF9F1F35C40
[LOG] SystemI::createSoundInternal             : exinfo->userread           = 00007FF9F1F35D40
[LOG] SystemI::createSoundInternal             : exinfo->userseek           = 00007FF9F1F35DF0
[LOG] SystemI::createSoundInternal             : exinfo->fileuserdata       = 00000000472E93B8
[LOG] SystemI::createSoundInternal             : exinfo->initialseekpostype = 1
[LOG] SystemI::DSPCodecPoolRegister            : register codec pool for pool type 5
[LOG] SystemI::createSoundInternal             : Format has 1 subsounds.
[LOG] SystemI::createSoundInternal             : Create as FMOD_CREATESAMPLE
[LOG] SystemI::createSoundInternal             : Multi-sample sound (1 subsounds), create a sample container.
[LOG] SystemI::createSoundInternal             : creating subsound 0/1
[LOG] SystemI::createSample                    : mode 02000202 length 24207 samples, lengthbytes 4000
[LOG] SystemI::createSample                    : channels = 2
[LOG] SystemI::createSample                    : output = 00000000470C3F98
[LOG] OutputSoftware::createSample             : lengthpcm 24207, lengthbytes 4000, channels 2, format 2, freq 48000, mode 0200020a
[LOG] SystemI::createSoundInternal             : No name found in file, use filename.
[LOG] SystemI::createSoundInternal             : done.  OpenState now = FMOD_OPENSTATE_READY.

[LOG] SystemI::createSoundInternal             : filename =  : mode 02000202
[LOG] SystemI::createSoundInternal             : exinfo->cbsize             = 232
[LOG] SystemI::createSoundInternal             : exinfo->length             = 18381504
[LOG] SystemI::createSoundInternal             : exinfo->fileoffset         = 35872
[LOG] SystemI::createSoundInternal             : exinfo->numsubsounds       = 1
[LOG] SystemI::createSoundInternal             : exinfo->inclusionlist      = 00000000702FF5FC
[LOG] SystemI::createSoundInternal             : exinfo->inclusionlistnum   = 1
[LOG] SystemI::createSoundInternal             : exinfo->suggestedsoundtype = 5
[LOG] SystemI::createSoundInternal             : exinfo->useropen           = 00007FF9F1F35C70
[LOG] SystemI::createSoundInternal             : exinfo->userclose          = 00007FF9F1F35C40
[LOG] SystemI::createSoundInternal             : exinfo->userread           = 00007FF9F1F35D40
[LOG] SystemI::createSoundInternal             : exinfo->userseek           = 00007FF9F1F35DF0
[LOG] SystemI::createSoundInternal             : exinfo->fileuserdata       = 00000000472E93B8
[LOG] SystemI::createSoundInternal             : exinfo->initialseekpostype = 1
[LOG] SystemI::DSPCodecPoolRegister            : register codec pool for pool type 5
[LOG] SystemI::createSoundInternal             : Format has 1 subsounds.
[LOG] SystemI::createSoundInternal             : Create as FMOD_CREATESAMPLE
[LOG] SystemI::createSoundInternal             : Multi-sample sound (1 subsounds), create a sample container.
[LOG] SystemI::createSoundInternal             : creating subsound 0/1
[LOG] SystemI::createSample                    : mode 02000202 length 22237 samples, lengthbytes 3456
[LOG] SystemI::createSample                    : channels = 2
[LOG] SystemI::createSample                    : output = 00000000470C3F98
[LOG] OutputSoftware::createSample             : lengthpcm 22237, lengthbytes 3456, channels 2, format 2, freq 48000, mode 0200020a
[LOG] SystemI::createSoundInternal             : No name found in file, use filename.
[LOG] SystemI::createSoundInternal             : done.  OpenState now = FMOD_OPENSTATE_READY.

[LOG] SystemI::createSoundInternal             : filename =  : mode 02000202
[LOG] SystemI::createSoundInternal             : exinfo->cbsize             = 232
[LOG] SystemI::createSoundInternal             : exinfo->length             = 18381504
[LOG] SystemI::createSoundInternal             : exinfo->fileoffset         = 35872
[LOG] SystemI::createSoundInternal             : exinfo->numsubsounds       = 1
[LOG] SystemI::createSoundInternal             : exinfo->inclusionlist      = 00000000702FF5FC
[LOG] SystemI::createSoundInternal             : exinfo->inclusionlistnum   = 1
[LOG] SystemI::createSoundInternal             : exinfo->suggestedsoundtype = 5
[LOG] SystemI::createSoundInternal             : exinfo->useropen           = 00007FF9F1F35C70
[LOG] SystemI::createSoundInternal             : exinfo->userclose          = 00007FF9F1F35C40
[LOG] SystemI::createSoundInternal             : exinfo->userread           = 00007FF9F1F35D40
[LOG] SystemI::createSoundInternal             : exinfo->userseek           = 00007FF9F1F35DF0
[LOG] SystemI::createSoundInternal             : exinfo->fileuserdata       = 00000000472E93B8
[LOG] SystemI::createSoundInternal             : exinfo->initialseekpostype = 1
[LOG] SystemI::DSPCodecPoolRegister            : register codec pool for pool type 5
[LOG] SystemI::createSoundInternal             : Format has 1 subsounds.
[LOG] SystemI::createSoundInternal             : Create as FMOD_CREATESAMPLE
[LOG] SystemI::createSoundInternal             : Multi-sample sound (1 subsounds), create a sample container.
[LOG] SystemI::createSoundInternal             : creating subsound 0/1
[LOG] SystemI::createSample                    : mode 02000202 length 15176 samples, lengthbytes 2624
[LOG] SystemI::createSample                    : channels = 2
[LOG] SystemI::createSample                    : output = 00000000470C3F98
[LOG] OutputSoftware::createSample             : lengthpcm 15176, lengthbytes 2624, channels 2, format 2, freq 48000, mode 0200020a
[LOG] SystemI::createSoundInternal             : No name found in file, use filename.
[LOG] SystemI::createSoundInternal             : done.  OpenState now = FMOD_OPENSTATE_READY.

[LOG] SystemI::createSoundInternal             : filename =  : mode 02000202
[LOG] SystemI::createSoundInternal             : exinfo->cbsize             = 232
[LOG] SystemI::createSoundInternal             : exinfo->length             = 18381504
[LOG] SystemI::createSoundInternal             : exinfo->fileoffset         = 35872
[LOG] SystemI::createSoundInternal             : exinfo->numsubsounds       = 1
[LOG] SystemI::createSoundInternal             : exinfo->inclusionlist      = 00000000702FF5FC
[LOG] SystemI::createSoundInternal             : exinfo->inclusionlistnum   = 1
[LOG] SystemI::createSoundInternal             : exinfo->suggestedsoundtype = 5
[LOG] SystemI::createSoundInternal             : exinfo->useropen           = 00007FF9F1F35C70
[LOG] SystemI::createSoundInternal             : exinfo->userclose          = 00007FF9F1F35C40
[LOG] SystemI::createSoundInternal             : exinfo->userread           = 00007FF9F1F35D40
[LOG] SystemI::createSoundInternal             : exinfo->userseek           = 00007FF9F1F35DF0
[LOG] SystemI::createSoundInternal             : exinfo->fileuserdata       = 00000000472E93B8
[LOG] SystemI::createSoundInternal             : exinfo->initialseekpostype = 1
[LOG] SystemI::DSPCodecPoolRegister            : register codec pool for pool type 5
[LOG] SystemI::createSoundInternal             : Format has 1 subsounds.
[LOG] SystemI::createSoundInternal             : Create as FMOD_CREATESAMPLE
[LOG] SystemI::createSoundInternal             : Multi-sample sound (1 subsounds), create a sample container.
[LOG] SystemI::createSoundInternal             : creating subsound 0/1
[LOG] SystemI::createSample                    : mode 02000202 length 21529 samples, lengthbytes 3264
[LOG] SystemI::createSample                    : channels = 2
[LOG] SystemI::createSample                    : output = 00000000470C3F98
[LOG] OutputSoftware::createSample             : lengthpcm 21529, lengthbytes 3264, channels 2, format 2, freq 48000, mode 0200020a
[LOG] SystemI::createSoundInternal             : No name found in file, use filename.
[LOG] SystemI::createSoundInternal             : done.  OpenState now = FMOD_OPENSTATE_READY.

[LOG] SystemI::createSoundInternal             : filename =  : mode 02000202
[LOG] SystemI::createSoundInternal             : exinfo->cbsize             = 232
[LOG] SystemI::createSoundInternal             : exinfo->length             = 18381504
[LOG] SystemI::createSoundInternal             : exinfo->fileoffset         = 35872
[LOG] SystemI::createSoundInternal             : exinfo->numsubsounds       = 1
[LOG] SystemI::createSoundInternal             : exinfo->inclusionlist      = 00000000702FF5FC
[LOG] SystemI::createSoundInternal             : exinfo->inclusionlistnum   = 1
[LOG] SystemI::createSoundInternal             : exinfo->suggestedsoundtype = 5
[LOG] SystemI::createSoundInternal             : exinfo->useropen           = 00007FF9F1F35C70
[LOG] SystemI::createSoundInternal             : exinfo->userclose          = 00007FF9F1F35C40
[LOG] SystemI::createSoundInternal             : exinfo->userread           = 00007FF9F1F35D40
[LOG] SystemI::createSoundInternal             : exinfo->userseek           = 00007FF9F1F35DF0
[LOG] SystemI::createSoundInternal             : exinfo->fileuserdata       = 00000000472E93B8
[LOG] SystemI::createSoundInternal             : exinfo->initialseekpostype = 1
[LOG] SystemI::DSPCodecPoolRegister            : register codec pool for pool type 5
[LOG] SystemI::createSoundInternal             : Format has 1 subsounds.
[LOG] SystemI::createSoundInternal             : Create as FMOD_CREATESAMPLE
[LOG] SystemI::createSoundInternal             : Multi-sample sound (1 subsounds), create a sample container.
[LOG] SystemI::createSoundInternal             : creating subsound 0/1
[LOG] SystemI::createSample                    : mode 02000202 length 15306 samples, lengthbytes 2528
[LOG] SystemI::createSample                    : channels = 2
[LOG] SystemI::createSample                    : output = 00000000470C3F98
[LOG] OutputSoftware::createSample             : lengthpcm 15306, lengthbytes 2528, channels 2, format 2, freq 48000, mode 0200020a
[LOG] SystemI::createSoundInternal             : No name found in file, use filename.
[LOG] SystemI::createSoundInternal             : done.  OpenState now = FMOD_OPENSTATE_READY.

[LOG] SystemI::createSoundInternal             : filename =  : mode 02000202
[LOG] SystemI::createSoundInternal             : exinfo->cbsize             = 232
[LOG] SystemI::createSoundInternal             : exinfo->length             = 18381504
[LOG] SystemI::createSoundInternal             : exinfo->fileoffset         = 35872
[LOG] SystemI::createSoundInternal             : exinfo->numsubsounds       = 1
[LOG] SystemI::createSoundInternal             : exinfo->inclusionlist      = 00000000702FF5FC
[LOG] SystemI::createSoundInternal             : exinfo->inclusionlistnum   = 1
[LOG] SystemI::createSoundInternal             : exinfo->suggestedsoundtype = 5
[LOG] SystemI::createSoundInternal             : exinfo->useropen           = 00007FF9F1F35C70
[LOG] SystemI::createSoundInternal             : exinfo->userclose          = 00007FF9F1F35C40
[LOG] SystemI::createSoundInternal             : exinfo->userread           = 00007FF9F1F35D40
[LOG] SystemI::createSoundInternal             : exinfo->userseek           = 00007FF9F1F35DF0
[LOG] SystemI::createSoundInternal             : exinfo->fileuserdata       = 00000000472E93B8
[LOG] SystemI::createSoundInternal             : exinfo->initialseekpostype = 1
[LOG] SystemI::DSPCodecPoolRegister            : register codec pool for pool type 5
[LOG] SystemI::createSoundInternal             : Format has 1 subsounds.
[LOG] SystemI::createSoundInternal             : Create as FMOD_CREATESAMPLE
[LOG] SystemI::createSoundInternal             : Multi-sample sound (1 subsounds), create a sample container.
[LOG] SystemI::createSoundInternal             : creating subsound 0/1
[LOG] SystemI::createSample                    : mode 02000202 length 16502 samples, lengthbytes 2816
[LOG] SystemI::createSample                    : channels = 2
[LOG] SystemI::createSample                    : output = 00000000470C3F98
[LOG] OutputSoftware::createSample             : lengthpcm 16502, lengthbytes 2816, channels 2, format 2, freq 48000, mode 0200020a
[LOG] SystemI::createSoundInternal             : No name found in file, use filename.
[LOG] SystemI::createSoundInternal             : done.  OpenState now = FMOD_OPENSTATE_READY.

[LOG] SystemI::createSoundInternal             : filename =  : mode 02000202
[LOG] SystemI::createSoundInternal             : exinfo->cbsize             = 232
[LOG] SystemI::createSoundInternal             : exinfo->length             = 18381504
[LOG] SystemI::createSoundInternal             : exinfo->fileoffset         = 35872
[LOG] SystemI::createSoundInternal             : exinfo->numsubsounds       = 1
[LOG] SystemI::createSoundInternal             : exinfo->inclusionlist      = 00000000702FF5FC
[LOG] SystemI::createSoundInternal             : exinfo->inclusionlistnum   = 1
[LOG] SystemI::createSoundInternal             : exinfo->suggestedsoundtype = 5
[LOG] SystemI::createSoundInternal             : exinfo->useropen           = 00007FF9F1F35C70
[LOG] SystemI::createSoundInternal             : exinfo->userclose          = 00007FF9F1F35C40
[LOG] SystemI::createSoundInternal             : exinfo->userread           = 00007FF9F1F35D40
[LOG] SystemI::createSoundInternal             : exinfo->userseek           = 00007FF9F1F35DF0
[LOG] SystemI::createSoundInternal             : exinfo->fileuserdata       = 00000000472E93B8
[LOG] SystemI::createSoundInternal             : exinfo->initialseekpostype = 1
[LOG] SystemI::DSPCodecPoolRegister            : register codec pool for pool type 5
[LOG] SystemI::createSoundInternal             : Format has 1 subsounds.
[LOG] SystemI::createSoundInternal             : Create as FMOD_CREATESAMPLE
[LOG] SystemI::createSoundInternal             : Multi-sample sound (1 subsounds), create a sample container.
[LOG] SystemI::createSoundInternal             : creating subsound 0/1
[LOG] SystemI::createSample                    : mode 02000202 length 18337 samples, lengthbytes 3136
[LOG] SystemI::createSample                    : channels = 2
[LOG] SystemI::createSample                    : output = 00000000470C3F98
[LOG] OutputSoftware::createSample             : lengthpcm 18337, lengthbytes 3136, channels 2, format 2, freq 48000, mode 0200020a
[LOG] SystemI::createSoundInternal             : No name found in file, use filename.
[LOG] SystemI::createSoundInternal             : done.  OpenState now = FMOD_OPENSTATE_READY.

[LOG] SystemI::createSoundInternal             : filename =  : mode 02000202
[LOG] SystemI::createSoundInternal             : exinfo->cbsize             = 232
[LOG] SystemI::createSoundInternal             : exinfo->length             = 18381504
[LOG] SystemI::createSoundInternal             : exinfo->fileoffset         = 35872
[LOG] SystemI::createSoundInternal             : exinfo->numsubsounds       = 1
[LOG] SystemI::createSoundInternal             : exinfo->inclusionlist      = 00000000702FF5FC
[LOG] SystemI::createSoundInternal             : exinfo->inclusionlistnum   = 1
[LOG] SystemI::createSoundInternal             : exinfo->suggestedsoundtype = 5
[LOG] SystemI::createSoundInternal             : exinfo->useropen           = 00007FF9F1F35C70
[LOG] SystemI::createSoundInternal             : exinfo->userclose          = 00007FF9F1F35C40
[LOG] SystemI::createSoundInternal             : exinfo->userread           = 00007FF9F1F35D40
[LOG] SystemI::createSoundInternal             : exinfo->userseek           = 00007FF9F1F35DF0
[LOG] SystemI::createSoundInternal             : exinfo->fileuserdata       = 00000000472E93B8
[LOG] SystemI::createSoundInternal             : exinfo->initialseekpostype = 1
[LOG] SystemI::DSPCodecPoolRegister            : register codec pool for pool type 5
[LOG] SystemI::createSoundInternal             : Format has 1 subsounds.
[LOG] SystemI::createSoundInternal             : Create as FMOD_CREATESAMPLE
[LOG] SystemI::createSoundInternal             : Multi-sample sound (1 subsounds), create a sample container.
[LOG] SystemI::createSoundInternal             : creating subsound 0/1
[LOG] SystemI::createSample                    : mode 02000202 length 13285 samples, lengthbytes 2240
[LOG] SystemI::createSample                    : channels = 2
[LOG] SystemI::createSample                    : output = 00000000470C3F98
[LOG] OutputSoftware::createSample             : lengthpcm 13285, lengthbytes 2240, channels 2, format 2, freq 48000, mode 0200020a
[LOG] SystemI::createSoundInternal             : No name found in file, use filename.
[LOG] SystemI::createSoundInternal             : done.  OpenState now = FMOD_OPENSTATE_READY.

[LOG] SystemI::createSoundInternal             : filename =  : mode 02000202
[LOG] SystemI::createSoundInternal             : exinfo->cbsize             = 232
[LOG] SystemI::createSoundInternal             : exinfo->length             = 18381504
[LOG] SystemI::createSoundInternal             : exinfo->fileoffset         = 35872
[LOG] SystemI::createSoundInternal             : exinfo->numsubsounds       = 1
[LOG] SystemI::createSoundInternal             : exinfo->inclusionlist      = 00000000702FF5FC
[LOG] SystemI::createSoundInternal             : exinfo->inclusionlistnum   = 1
[LOG] SystemI::createSoundInternal             : exinfo->suggestedsoundtype = 5
[LOG] SystemI::createSoundInternal             : exinfo->useropen           = 00007FF9F1F35C70
[LOG] SystemI::createSoundInternal             : exinfo->userclose          = 00007FF9F1F35C40
[LOG] SystemI::createSoundInternal             : exinfo->userread           = 00007FF9F1F35D40
[LOG] SystemI::createSoundInternal             : exinfo->userseek           = 00007FF9F1F35DF0
[LOG] SystemI::createSoundInternal             : exinfo->fileuserdata       = 00000000472E93B8
[LOG] SystemI::createSoundInternal             : exinfo->initialseekpostype = 1
[LOG] SystemI::DSPCodecPoolRegister            : register codec pool for pool type 5
[LOG] SystemI::createSoundInternal             : Format has 1 subsounds.
[LOG] SystemI::createSoundInternal             : Create as FMOD_CREATESAMPLE
[LOG] SystemI::createSoundInternal             : Multi-sample sound (1 subsounds), create a sample container.
[LOG] SystemI::createSoundInternal             : creating subsound 0/1
[LOG] SystemI::createSample                    : mode 02000202 length 13441 samples, lengthbytes 2048
[LOG] SystemI::createSample                    : channels = 2
[LOG] SystemI::createSample                    : output = 00000000470C3F98
[LOG] OutputSoftware::createSample             : lengthpcm 13441, lengthbytes 2048, channels 2, format 2, freq 48000, mode 0200020a
[LOG] SystemI::createSoundInternal             : No name found in file, use filename.
[LOG] SystemI::createSoundInternal             : done.  OpenState now = FMOD_OPENSTATE_READY.

[LOG] SystemI::createSoundInternal             : filename =  : mode 02000202
[LOG] SystemI::createSoundInternal             : exinfo->cbsize             = 232
[LOG] SystemI::createSoundInternal             : exinfo->length             = 18381504
[LOG] SystemI::createSoundInternal             : exinfo->fileoffset         = 35872
[LOG] SystemI::createSoundInternal             : exinfo->numsubsounds       = 1
[LOG] SystemI::createSoundInternal             : exinfo->inclusionlist      = 00000000702FF5FC
[LOG] SystemI::createSoundInternal             : exinfo->inclusionlistnum   = 1
[LOG] SystemI::createSoundInternal             : exinfo->suggestedsoundtype = 5
[LOG] SystemI::createSoundInternal             : exinfo->useropen           = 00007FF9F1F35C70
[LOG] SystemI::createSoundInternal             : exinfo->userclose          = 00007FF9F1F35C40
[LOG] SystemI::createSoundInternal             : exinfo->userread           = 00007FF9F1F35D40
[LOG] SystemI::createSoundInternal             : exinfo->userseek           = 00007FF9F1F35DF0
[LOG] SystemI::createSoundInternal             : exinfo->fileuserdata       = 00000000472E93B8
[LOG] SystemI::createSoundInternal             : exinfo->initialseekpostype = 1
[LOG] SystemI::DSPCodecPoolRegister            : register codec pool for pool type 5
[LOG] SystemI::createSoundInternal             : Format has 1 subsounds.
[LOG] SystemI::createSoundInternal             : Create as FMOD_CREATESAMPLE
[LOG] SystemI::createSoundInternal             : Multi-sample sound (1 subsounds), create a sample container.
[LOG] SystemI::createSoundInternal             : creating subsound 0/1
[LOG] SystemI::createSample                    : mode 02000202 length 14151 samples, lengthbytes 2368
[LOG] SystemI::createSample                    : channels = 2
[LOG] SystemI::createSample                    : output = 00000000470C3F98
[LOG] OutputSoftware::createSample             : lengthpcm 14151, lengthbytes 2368, channels 2, format 2, freq 48000, mode 0200020a
[LOG] SystemI::createSoundInternal             : No name found in file, use filename.
[LOG] SystemI::createSoundInternal             : done.  OpenState now = FMOD_OPENSTATE_READY.

[LOG] SystemI::createSoundInternal             : filename =  : mode 02000202
[LOG] SystemI::createSoundInternal             : exinfo->cbsize             = 232
[LOG] SystemI::createSoundInternal             : exinfo->length             = 18381504
[LOG] SystemI::createSoundInternal             : exinfo->fileoffset         = 35872
[LOG] SystemI::createSoundInternal             : exinfo->numsubsounds       = 1
[LOG] SystemI::createSoundInternal             : exinfo->inclusionlist      = 00000000702FF5FC
[LOG] SystemI::createSoundInternal             : exinfo->inclusionlistnum   = 1
[LOG] SystemI::createSoundInternal             : exinfo->suggestedsoundtype = 5
[LOG] SystemI::createSoundInternal             : exinfo->useropen           = 00007FF9F1F35C70
[LOG] SystemI::createSoundInternal             : exinfo->userclose          = 00007FF9F1F35C40
[LOG] SystemI::createSoundInternal             : exinfo->userread           = 00007FF9F1F35D40
[LOG] SystemI::createSoundInternal             : exinfo->userseek           = 00007FF9F1F35DF0
[LOG] SystemI::createSoundInternal             : exinfo->fileuserdata       = 00000000472E93B8
[LOG] SystemI::createSoundInternal             : exinfo->initialseekpostype = 1
[LOG] SystemI::DSPCodecPoolRegister            : register codec pool for pool type 5
[LOG] SystemI::createSoundInternal             : Format has 1 subsounds.
[LOG] SystemI::createSoundInternal             : Create as FMOD_CREATESAMPLE
[LOG] SystemI::createSoundInternal             : Multi-sample sound (1 subsounds), create a sample container.
[LOG] SystemI::createSoundInternal             : creating subsound 0/1
[LOG] SystemI::createSample                    : mode 02000202 length 13429 samples, lengthbytes 2240
[LOG] SystemI::createSample                    : channels = 2
[LOG] SystemI::createSample                    : output = 00000000470C3F98
[LOG] OutputSoftware::createSample             : lengthpcm 13429, lengthbytes 2240, channels 2, format 2, freq 48000, mode 0200020a
[LOG] SystemI::createSoundInternal             : No name found in file, use filename.
[LOG] SystemI::createSoundInternal             : done.  OpenState now = FMOD_OPENSTATE_READY.

[LOG] SystemI::createSoundInternal             : filename =  : mode 02000202
[LOG] SystemI::createSoundInternal             : exinfo->cbsize             = 232
[LOG] SystemI::createSoundInternal             : exinfo->length             = 18381504
[LOG] SystemI::createSoundInternal             : exinfo->fileoffset         = 35872
[LOG] SystemI::createSoundInternal             : exinfo->numsubsounds       = 1
[LOG] SystemI::createSoundInternal             : exinfo->inclusionlist      = 00000000702FF5FC
[LOG] SystemI::createSoundInternal             : exinfo->inclusionlistnum   = 1
[LOG] SystemI::createSoundInternal             : exinfo->suggestedsoundtype = 5
[LOG] SystemI::createSoundInternal             : exinfo->useropen           = 00007FF9F1F35C70
[LOG] SystemI::createSoundInternal             : exinfo->userclose          = 00007FF9F1F35C40
[LOG] SystemI::createSoundInternal             : exinfo->userread           = 00007FF9F1F35D40
[LOG] SystemI::createSoundInternal             : exinfo->userseek           = 00007FF9F1F35DF0
[LOG] SystemI::createSoundInternal             : exinfo->fileuserdata       = 00000000472E93B8
[LOG] SystemI::createSoundInternal             : exinfo->initialseekpostype = 1
[LOG] SystemI::DSPCodecPoolRegister            : register codec pool for pool type 5
[LOG] SystemI::createSoundInternal             : Format has 1 subsounds.
[LOG] SystemI::createSoundInternal             : Create as FMOD_CREATESAMPLE
[LOG] SystemI::createSoundInternal             : Multi-sample sound (1 subsounds), create a sample container.
[LOG] SystemI::createSoundInternal             : creating subsound 0/1
[LOG] SystemI::createSample                    : mode 02000202 length 21529 samples, lengthbytes 3616
[LOG] SystemI::createSample                    : channels = 2
[LOG] SystemI::createSample                    : output = 00000000470C3F98
[LOG] OutputSoftware::createSample             : lengthpcm 21529, lengthbytes 3616, channels 2, format 2, freq 48000, mode 0200020a
[LOG] SystemI::createSoundInternal             : No name found in file, use filename.
[LOG] SystemI::createSoundInternal             : done.  OpenState now = FMOD_OPENSTATE_READY.

[LOG] SystemI::createSoundInternal             : filename =  : mode 02000202
[LOG] SystemI::createSoundInternal             : exinfo->cbsize             = 232
[LOG] SystemI::createSoundInternal             : exinfo->length             = 18381504
[LOG] SystemI::createSoundInternal             : exinfo->fileoffset         = 35872
[LOG] SystemI::createSoundInternal             : exinfo->numsubsounds       = 1
[LOG] SystemI::createSoundInternal             : exinfo->inclusionlist      = 00000000702FF5FC
[LOG] SystemI::createSoundInternal             : exinfo->inclusionlistnum   = 1
[LOG] SystemI::createSoundInternal             : exinfo->suggestedsoundtype = 5
[LOG] SystemI::createSoundInternal             : exinfo->useropen           = 00007FF9F1F35C70
[LOG] SystemI::createSoundInternal             : exinfo->userclose          = 00007FF9F1F35C40
[LOG] SystemI::createSoundInternal             : exinfo->userread           = 00007FF9F1F35D40
[LOG] SystemI::createSoundInternal             : exinfo->userseek           = 00007FF9F1F35DF0
[LOG] SystemI::createSoundInternal             : exinfo->fileuserdata       = 00000000472E93B8
[LOG] SystemI::createSoundInternal             : exinfo->initialseekpostype = 1
[LOG] SystemI::DSPCodecPoolRegister            : register codec pool for pool type 5
[LOG] SystemI::createSoundInternal             : Format has 1 subsounds.
[LOG] SystemI::createSoundInternal             : Create as FMOD_CREATESAMPLE
[LOG] SystemI::createSoundInternal             : Multi-sample sound (1 subsounds), create a sample container.
[LOG] SystemI::createSoundInternal             : creating subsound 0/1
[LOG] SystemI::createSample                    : mode 02000202 length 14007 samples, lengthbytes 2240
[LOG] SystemI::createSample                    : channels = 2
[LOG] SystemI::createSample                    : output = 00000000470C3F98
[LOG] OutputSoftware::createSample             : lengthpcm 14007, lengthbytes 2240, channels 2, format 2, freq 48000, mode 0200020a
[LOG] SystemI::createSoundInternal             : No name found in file, use filename.
[LOG] SystemI::createSoundInternal             : done.  OpenState now = FMOD_OPENSTATE_READY.

[LOG] SystemI::createSoundInternal             : filename =  : mode 02000202
[LOG] SystemI::createSoundInternal             : exinfo->cbsize             = 232
[LOG] SystemI::createSoundInternal             : exinfo->length             = 18381504
[LOG] SystemI::createSoundInternal             : exinfo->fileoffset         = 35872
[LOG] SystemI::createSoundInternal             : exinfo->numsubsounds       = 1
[LOG] SystemI::createSoundInternal             : exinfo->inclusionlist      = 00000000702FF5FC
[LOG] SystemI::createSoundInternal             : exinfo->inclusionlistnum   = 1
[LOG] SystemI::createSoundInternal             : exinfo->suggestedsoundtype = 5
[LOG] SystemI::createSoundInternal             : exinfo->useropen           = 00007FF9F1F35C70
[LOG] SystemI::createSoundInternal             : exinfo->userclose          = 00007FF9F1F35C40
[LOG] SystemI::createSoundInternal             : exinfo->userread           = 00007FF9F1F35D40
[LOG] SystemI::createSoundInternal             : exinfo->userseek           = 00007FF9F1F35DF0
[LOG] SystemI::createSoundInternal             : exinfo->fileuserdata       = 00000000472E93B8
[LOG] SystemI::createSoundInternal             : exinfo->initialseekpostype = 1
[LOG] SystemI::DSPCodecPoolRegister            : register codec pool for pool type 5
[LOG] SystemI::createSoundInternal             : Format has 1 subsounds.
[LOG] SystemI::createSoundInternal             : Create as FMOD_CREATESAMPLE
[LOG] SystemI::createSoundInternal             : Multi-sample sound (1 subsounds), create a sample container.
[LOG] SystemI::createSoundInternal             : creating subsound 0/1
[LOG] SystemI::createSample                    : mode 02000202 length 17617 samples, lengthbytes 3040
[LOG] SystemI::createSample                    : channels = 2
[LOG] SystemI::createSample                    : output = 00000000470C3F98
[LOG] OutputSoftware::createSample             : lengthpcm 17617, lengthbytes 3040, channels 2, format 2, freq 48000, mode 0200020a
[LOG] SystemI::createSoundInternal             : No name found in file, use filename.
[LOG] SystemI::createSoundInternal             : done.  OpenState now = FMOD_OPENSTATE_READY.

[LOG] SystemI::createSoundInternal             : filename =  : mode 02000202
[LOG] SystemI::createSoundInternal             : exinfo->cbsize             = 232
[LOG] SystemI::createSoundInternal             : exinfo->length             = 18381504
[LOG] SystemI::createSoundInternal             : exinfo->fileoffset         = 35872
[LOG] SystemI::createSoundInternal             : exinfo->numsubsounds       = 1
[LOG] SystemI::createSoundInternal             : exinfo->inclusionlist      = 00000000702FF5FC
[LOG] SystemI::createSoundInternal             : exinfo->inclusionlistnum   = 1
[LOG] SystemI::createSoundInternal             : exinfo->suggestedsoundtype = 5
[LOG] SystemI::createSoundInternal             : exinfo->useropen           = 00007FF9F1F35C70
[LOG] SystemI::createSoundInternal             : exinfo->userclose          = 00007FF9F1F35C40
[LOG] SystemI::createSoundInternal             : exinfo->userread           = 00007FF9F1F35D40
[LOG] SystemI::createSoundInternal             : exinfo->userseek           = 00007FF9F1F35DF0
[LOG] SystemI::createSoundInternal             : exinfo->fileuserdata       = 00000000472E93B8
[LOG] SystemI::createSoundInternal             : exinfo->initialseekpostype = 1
[LOG] SystemI::DSPCodecPoolRegister            : register codec pool for pool type 5
[LOG] SystemI::createSoundInternal             : Format has 1 subsounds.
[LOG] SystemI::createSoundInternal             : Create as FMOD_CREATESAMPLE
[LOG] SystemI::createSoundInternal             : Multi-sample sound (1 subsounds), create a sample container.
[LOG] SystemI::createSoundInternal             : creating subsound 0/1
[LOG] SystemI::createSample                    : mode 02000202 length 22142 samples, lengthbytes 3680
[LOG] SystemI::createSample                    : channels = 2
[LOG] SystemI::createSample                    : output = 00000000470C3F98
[LOG] OutputSoftware::createSample             : lengthpcm 22142, lengthbytes 3680, channels 2, format 2, freq 48000, mode 0200020a
[LOG] SystemI::createSoundInternal             : No name found in file, use filename.
[LOG] SystemI::createSoundInternal             : done.  OpenState now = FMOD_OPENSTATE_READY.

[LOG] SystemI::createSoundInternal             : filename =  : mode 02000202
[LOG] SystemI::createSoundInternal             : exinfo->cbsize             = 232
[LOG] SystemI::createSoundInternal             : exinfo->length             = 18381504
[LOG] SystemI::createSoundInternal             : exinfo->fileoffset         = 35872
[LOG] SystemI::createSoundInternal             : exinfo->numsubsounds       = 1
[LOG] SystemI::createSoundInternal             : exinfo->inclusionlist      = 00000000702FF5FC
[LOG] SystemI::createSoundInternal             : exinfo->inclusionlistnum   = 1
[LOG] SystemI::createSoundInternal             : exinfo->suggestedsoundtype = 5
[LOG] SystemI::createSoundInternal             : exinfo->useropen           = 00007FF9F1F35C70
[LOG] SystemI::createSoundInternal             : exinfo->userclose          = 00007FF9F1F35C40
[LOG] SystemI::createSoundInternal             : exinfo->userread           = 00007FF9F1F35D40
[LOG] SystemI::createSoundInternal             : exinfo->userseek           = 00007FF9F1F35DF0
[LOG] SystemI::createSoundInternal             : exinfo->fileuserdata       = 00000000472E93B8
[LOG] SystemI::createSoundInternal             : exinfo->initialseekpostype = 1
[LOG] SystemI::DSPCodecPoolRegister            : register codec pool for pool type 5
[LOG] SystemI::createSoundInternal             : Format has 1 subsounds.
[LOG] SystemI::createSoundInternal             : Create as FMOD_CREATESAMPLE
[LOG] SystemI::createSoundInternal             : Multi-sample sound (1 subsounds), create a sample container.
[LOG] SystemI::createSoundInternal             : creating subsound 0/1
[LOG] SystemI::createSample                    : mode 02000202 length 19179 samples, lengthbytes 3232
[LOG] SystemI::createSample                    : channels = 2
[LOG] SystemI::createSample                    : output = 00000000470C3F98
[LOG] OutputSoftware::createSample             : lengthpcm 19179, lengthbytes 3232, channels 2, format 2, freq 48000, mode 0200020a
[LOG] SystemI::createSoundInternal             : No name found in file, use filename.
[LOG] SystemI::createSoundInternal             : done.  OpenState now = FMOD_OPENSTATE_READY.

[LOG] SystemI::createSoundInternal             : filename =  : mode 02000202
[LOG] SystemI::createSoundInternal             : exinfo->cbsize             = 232
[LOG] SystemI::createSoundInternal             : exinfo->length             = 18381504
[LOG] SystemI::createSoundInternal             : exinfo->fileoffset         = 35872
[LOG] SystemI::createSoundInternal             : exinfo->numsubsounds       = 1
[LOG] SystemI::createSoundInternal             : exinfo->inclusionlist      = 00000000702FF5FC
[LOG] SystemI::createSoundInternal             : exinfo->inclusionlistnum   = 1
[LOG] SystemI::createSoundInternal             : exinfo->suggestedsoundtype = 5
[LOG] SystemI::createSoundInternal             : exinfo->useropen           = 00007FF9F1F35C70
[LOG] SystemI::createSoundInternal             : exinfo->userclose          = 00007FF9F1F35C40
[LOG] SystemI::createSoundInternal             : exinfo->userread           = 00007FF9F1F35D40
[LOG] SystemI::createSoundInternal             : exinfo->userseek           = 00007FF9F1F35DF0
[LOG] SystemI::createSoundInternal             : exinfo->fileuserdata       = 00000000472E93B8
[LOG] SystemI::createSoundInternal             : exinfo->initialseekpostype = 1
[LOG] SystemI::DSPCodecPoolRegister            : register codec pool for pool type 5
[LOG] SystemI::createSoundInternal             : Format has 1 subsounds.
[LOG] SystemI::createSoundInternal             : Create as FMOD_CREATESAMPLE
[LOG] SystemI::createSoundInternal             : Multi-sample sound (1 subsounds), create a sample container.
[LOG] SystemI::createSoundInternal             : creating subsound 0/1
[LOG] SystemI::createSample                    : mode 02000202 length 14873 samples, lengthbytes 2496
[LOG] SystemI::createSample                    : channels = 2
[LOG] SystemI::createSample                    : output = 00000000470C3F98
[LOG] OutputSoftware::createSample             : lengthpcm 14873, lengthbytes 2496, channels 2, format 2, freq 48000, mode 0200020a
[LOG] SystemI::createSoundInternal             : No name found in file, use filename.
[LOG] SystemI::createSoundInternal             : done.  OpenState now = FMOD_OPENSTATE_READY.

[WRN] EventInstance::update                    : Event {40a8b5fb-db5a-4e12-b8a1-b80fc7862763} waited 58 milliseconds for sample data to load.  Preload sample data to avoid this delay.
[LOG] SoundI::release                          :  (000000004C0E28C8)
[LOG] SoundI::release                          : release subsounds. (000000004C0E28C8)
[LOG] SoundI::release                          :     Steps_Crouch_01 (000000004C0DA298)
[LOG] SoundI::release                          :     done
[LOG] SoundI::release                          : release codec. (000000004C0E28C8)
[LOG] SoundI::release                          : done
[LOG] SoundI::release                          :  (000000004BE0CE78)
[LOG] SoundI::release                          : release subsounds. (000000004BE0CE78)
[LOG] SoundI::release                          :     Steps_Crouch_02 (000000004C0D9258)
[LOG] SoundI::release                          :     done
[LOG] SoundI::release                          : release codec. (000000004BE0CE78)
[LOG] SoundI::release                          : done
[LOG] SoundI::release                          :  (000000004BE0E298)
[LOG] SoundI::release                          : release subsounds. (000000004BE0E298)
[LOG] SoundI::release                          :     Steps_Crouch_03 (0000000046A3EFC8)
[LOG] SoundI::release                          :     done
[LOG] SoundI::release                          : release codec. (000000004BE0E298)
[LOG] SoundI::release                          : done
[LOG] SoundI::release                          :  (000000004BE0D888)
[LOG] SoundI::release                          : release subsounds. (000000004BE0D888)
[LOG] SoundI::release                          :     Steps_Crouch_04 (0000000046A3E7A8)
[LOG] SoundI::release                          :     done
[LOG] SoundI::release                          : release codec. (000000004BE0D888)
[LOG] SoundI::release                          : done
[LOG] SoundI::release                          :  (000000004BE0DCD8)
[LOG] SoundI::release                          : release subsounds. (000000004BE0DCD8)
[LOG] SoundI::release                          :     Steps_Crouch_05 (0000000046A3E608)
[LOG] SoundI::release                          :     done
[LOG] SoundI::release                          : release codec. (000000004BE0DCD8)
[LOG] SoundI::release                          : done
[LOG] SoundI::release                          :  (000000004BE0D5A8)
[LOG] SoundI::release                          : release subsounds. (000000004BE0D5A8)
[LOG] SoundI::release                          :     Steps_Crouch_06 (000000004C0D93F8)
[LOG] SoundI::release                          :     done
[LOG] SoundI::release                          : release codec. (000000004BE0D5A8)
[LOG] SoundI::release                          : done
[LOG] SoundI::release                          :  (000000004BE0CA28)
[LOG] SoundI::release                          : release subsounds. (000000004BE0CA28)
[LOG] SoundI::release                          :     Steps_Dirt_01 (0000000046A3F168)
[LOG] SoundI::release                          :     done
[LOG] SoundI::release                          : release codec. (000000004BE0CA28)
[LOG] SoundI::release                          : done
[LOG] SoundI::release                          :  (000000004C0E3B78)
[LOG] SoundI::release                          : release subsounds. (000000004C0E3B78)
[LOG] SoundI::release                          :     Steps_Dirt_02 (000000004C0D9DB8)
[LOG] SoundI::release                          :     done
[LOG] SoundI::release                          : release codec. (000000004C0E3B78)
[LOG] SoundI::release                          : done
[LOG] SoundI::release                          :  (000000004BE0E408)
[LOG] SoundI::release                          : release subsounds. (000000004BE0E408)
[LOG] SoundI::release                          :     Steps_Dirt_03 (000000004C0D86F8)
[LOG] SoundI::release                          :     done
[LOG] SoundI::release                          : release codec. (000000004BE0E408)
[LOG] SoundI::release                          : done
[LOG] SoundI::release                          :  (000000004BE0C8B8)
[LOG] SoundI::release                          : release subsounds. (000000004BE0C8B8)
[LOG] SoundI::release                          :     Steps_Dirt_04 (0000000046A3EC88)
[LOG] SoundI::release                          :     done
[LOG] SoundI::release                          : release codec. (000000004BE0C8B8)
[LOG] SoundI::release                          : done
[LOG] SoundI::release                          :  (000000004C0E2308)
[LOG] SoundI::release                          : release subsounds. (000000004C0E2308)
[LOG] SoundI::release                          :     Steps_Dirt_05 (000000004C0EC9E8)
[LOG] SoundI::release                          :     done
[LOG] SoundI::release                          : release codec. (000000004C0E2308)
[LOG] SoundI::release                          : done
[LOG] SoundI::release                          :  (000000004BE0E128)
[LOG] SoundI::release                          : release subsounds. (000000004BE0E128)
[LOG] SoundI::release                          :     Steps_Dirt_06 (0000000046A3EAE8)
[LOG] SoundI::release                          :     done
[LOG] SoundI::release                          : release codec. (000000004BE0E128)
[LOG] SoundI::release                          : done
[LOG] SoundI::release                          :  (000000004C0E2A38)
[LOG] SoundI::release                          : release subsounds. (000000004C0E2A38)
[LOG] SoundI::release                          :     Steps_Dirt_07 (000000004C0D90B8)
[LOG] SoundI::release                          :     done
[LOG] SoundI::release                          : release codec. (000000004C0E2A38)
[LOG] SoundI::release                          : done
[LOG] SoundI::release                          :  (000000004C0E2198)
[LOG] SoundI::release                          : release subsounds. (000000004C0E2198)
[LOG] SoundI::release                          :     Steps_Dirt_08 (000000004C0EC508)
[LOG] SoundI::release                          :     done
[LOG] SoundI::release                          : release codec. (000000004C0E2198)
[LOG] SoundI::release                          : done
[LOG] SoundI::release                          :  (000000004BE0CB98)
[LOG] SoundI::release                          : release subsounds. (000000004BE0CB98)
[LOG] SoundI::release                          :     Steps_Run_01 (000000004C0D8D78)
[LOG] SoundI::release                          :     done
[LOG] SoundI::release                          : release codec. (000000004BE0CB98)
[LOG] SoundI::release                          : done
[LOG] SoundI::release                          :  (000000004BE0C5D8)
[LOG] SoundI::release                          : release subsounds. (000000004BE0C5D8)
[LOG] SoundI::release                          :     Steps_Run_02 (000000003ECC8E18)
[LOG] SoundI::release                          :     done
[LOG] SoundI::release                          : release codec. (000000004BE0C5D8)
[LOG] SoundI::release                          : done
[LOG] SoundI::release                          :  (000000004C0E1D48)
[LOG] SoundI::release                          : release subsounds. (000000004C0E1D48)
[LOG] SoundI::release                          :     Steps_Run_03 (000000004C0D8F18)
[LOG] SoundI::release                          :     done
[LOG] SoundI::release                          : release codec. (000000004C0E1D48)
[LOG] SoundI::release                          : done
[LOG] SoundI::release                          :  (000000004BE0CD08)
[LOG] SoundI::release                          : release subsounds. (000000004BE0CD08)
[LOG] SoundI::release                          :     Steps_Run_04 (000000004C0DA0F8)
[LOG] SoundI::release                          :     done
[LOG] SoundI::release                          : release codec. (000000004BE0CD08)
[LOG] SoundI::release                          : done
[LOG] SoundI::release                          :  (000000004BE0DFB8)
[LOG] SoundI::release                          : release subsounds. (000000004BE0DFB8)
[LOG] SoundI::release                          :     Steps_Run_05 (000000003ECC82B8)
[LOG] SoundI::release                          :     done
[LOG] SoundI::release                          : release codec. (000000004BE0DFB8)
[LOG] SoundI::release                          : done
[LOG] SoundI::release                          :  (000000004BE0DE48)
[LOG] SoundI::release                          : release subsounds. (000000004BE0DE48)
[LOG] SoundI::release                          :     Steps_Run_06 (000000004C0D8898)
[LOG] SoundI::release                          :     done
[LOG] SoundI::release                          : release codec. (000000004BE0DE48)
[LOG] SoundI::release                          : done
[LOG] SoundI::release                          :  (000000004BE0D2C8)
[LOG] SoundI::release                          : release subsounds. (000000004BE0D2C8)
[LOG] SoundI::release                          :     Steps_Run_07 (000000003ECC85F8)
[LOG] SoundI::release                          :     done
[LOG] SoundI::release                          : release codec. (000000004BE0D2C8)
[LOG] SoundI::release                          : done
[LOG] SoundI::release                          :  (000000004BE0C748)
[LOG] SoundI::release                          : release subsounds. (000000004BE0C748)
[LOG] SoundI::release                          :     Steps_Run_08 (000000004C0D9A78)
[LOG] SoundI::release                          :     done
[LOG] SoundI::release                          : release codec. (000000004BE0C748)
[LOG] SoundI::release                          : done
[LOG] SoundI::release                          :  (0000000017441688)
[LOG] SoundI::release                          : release subsounds. (0000000017441688)
[LOG] SoundI::release                          :     Steps_Run_09 (000000003ECC7C38)
[LOG] SoundI::release                          :     done
[LOG] SoundI::release                          : release codec. (0000000017441688)
[LOG] SoundI::release                          : done
[LOG] SoundI::release                          :  (000000004C0E32D8)
[LOG] SoundI::release                          : release subsounds. (000000004C0E32D8)
[LOG] SoundI::release                          :     Steps_Run_10 (000000004C0EC6A8)
[LOG] SoundI::release                          :     done
[LOG] SoundI::release                          : release codec. (000000004C0E32D8)
[LOG] SoundI::release                          : done
[LOG] SoundI::release                          :  (000000004C0E2BA8)
[LOG] SoundI::release                          : release subsounds. (000000004C0E2BA8)
[LOG] SoundI::release                          :     Steps_Run_11 (000000004C0D9C18)
[LOG] SoundI::release                          :     done
[LOG] SoundI::release                          : release codec. (000000004C0E2BA8)
[LOG] SoundI::release                          : done
[LOG] SoundI::release                          :  (000000004BE0CFE8)
[LOG] SoundI::release                          : release subsounds. (000000004BE0CFE8)
[LOG] SoundI::release                          :     Steps_Walk_01 (000000004C0D9598)
[LOG] SoundI::release                          :     done
[LOG] SoundI::release                          : release codec. (000000004BE0CFE8)
[LOG] SoundI::release                          : done
[LOG] SoundI::release                          :  (0000000017441968)
[LOG] SoundI::release                          : release subsounds. (0000000017441968)
[LOG] SoundI::release                          :     Steps_Walk_02 (000000003ECC8118)
[LOG] SoundI::release                          :     done
[LOG] SoundI::release                          : release codec. (0000000017441968)
[LOG] SoundI::release                          : done
[LOG] SoundI::release                          :  (000000004BE0D438)
[LOG] SoundI::release                          : release subsounds. (000000004BE0D438)
[LOG] SoundI::release                          :     Steps_Walk_05 (0000000046A3E948)
[LOG] SoundI::release                          :     done
[LOG] SoundI::release                          : release codec. (000000004BE0D438)
[LOG] SoundI::release                          : done
[LOG] SoundI::release                          :  (000000004C0E2028)
[LOG] SoundI::release                          : release subsounds. (000000004C0E2028)
[LOG] SoundI::release                          :     Steps_Walk_06 (000000004C0D9F58)
[LOG] SoundI::release                          :     done
[LOG] SoundI::release                          : release codec. (000000004C0E2028)
[LOG] SoundI::release                          : done
[LOG] SoundI::release                          :  (000000004C0E3448)
[LOG] SoundI::release                          : release subsounds. (000000004C0E3448)
[LOG] SoundI::release                          :     Steps_Walk_07 (000000004C0D98D8)
[LOG] SoundI::release                          :     done
[LOG] SoundI::release                          : release codec. (000000004C0E3448)
[LOG] SoundI::release                          : done
[LOG] SoundI::release                          :  (000000004BE0D158)
[LOG] SoundI::release                          : release subsounds. (000000004BE0D158)
[LOG] SoundI::release                          :     Steps_Walk_08 (0000000046A3EE28)
[LOG] SoundI::release                          :     done
[LOG] SoundI::release                          : release codec. (000000004BE0D158)
[LOG] SoundI::release                          : done
[LOG] SoundI::release                          :  (000000004C0E1EB8)
[LOG] SoundI::release                          : release subsounds. (000000004C0E1EB8)
[LOG] SoundI::release                          :     Steps_Walk_09 (000000004C0D8558)
[LOG] SoundI::release                          :     done
[LOG] SoundI::release                          : release codec. (000000004C0E1EB8)
[LOG] SoundI::release                          : done
[LOG] SoundI::release                          :  (000000004BE0D9F8)
[LOG] SoundI::release                          : release subsounds. (000000004BE0D9F8)
[LOG] SoundI::release                          :     Steps_Walk_10 (000000004C0D8BD8)
[LOG] SoundI::release                          :     done
[LOG] SoundI::release                          : release codec. (000000004BE0D9F8)
[LOG] SoundI::release                          : done
[LOG] SoundI::release                          :  (000000004BE0D718)
[LOG] SoundI::release                          : release subsounds. (000000004BE0D718)
[LOG] SoundI::release                          :     Steps_Walk_11 (000000004C0D8A38)
[LOG] SoundI::release                          :     done
[LOG] SoundI::release                          : release codec. (000000004BE0D718)
[LOG] SoundI::release                          : done
[LOG] SoundI::release                          :  (000000004BE0DB68)
[LOG] SoundI::release                          : release subsounds. (000000004BE0DB68)
[LOG] SoundI::release                          :     Steps_Walk_12 (0000000046A3E468)
[LOG] SoundI::release                          :     done
[LOG] SoundI::release                          : release codec. (000000004BE0DB68)
[LOG] SoundI::release                          : done
[LOG] SoundI::release                          :  (000000004C0E2D18)
[LOG] SoundI::release                          : release subsounds. (000000004C0E2D18)
[LOG] SoundI::release                          :     Steps_Walk_13 (000000004C0D9738)
[LOG] SoundI::release                          :     done
[LOG] SoundI::release                          : release codec. (000000004C0E2D18)
[LOG] SoundI::release                          : done
[LOG] Thread::callback                         : FMOD Studio update thread finished.
[LOG] Thread::callback                         : FMOD Studio bank load thread finished.
[LOG] Profile::disconnectAll                   : Profiler disconnecting all clients
[LOG] Thread::callback                         : FMOD Studio sample load thread finished.
[LOG] LiveUpdate::release                      : 
[LOG] LiveUpdate::reset                        : Reset connection (reason Disconnected)
[LOG] SystemI::close                           : 
[LOG] SystemI::close                           : Stop all sounds
[LOG] Thread::callback                         : FMOD stream thread finished.
[LOG] SystemI::close                           : Stream thread destroyed
[LOG] Thread::callback                         : FMOD mixer thread finished.
[LOG] Profile::disconnectAll                   : Profiler disconnecting all clients
[LOG] SystemI::close                           : Free master channel group.
[LOG] SystemI::close                           : Remove 'master' sound group.
[LOG] SystemI::close                           : Free software output.
[LOG] SystemI::close                           : Free emulated output.
[LOG] SystemI::close                           : Free channel pool.
[LOG] SystemI::close                           : done.

[LOG] Thread::callback                         : FMOD Studio bank load thread finished.
[LOG] Thread::callback                         : FMOD Studio sample load thread finished.
[LOG] LiveUpdate::release                      : 
[LOG] LiveUpdate::reset                        : Reset connection (reason Disconnected)
[LOG] SystemI::close                           : 
[LOG] SystemI::close                           : Stop all sounds
[LOG] Thread::callback                         : FMOD stream thread finished.
[LOG] SystemI::close                           : Stream thread destroyed
[LOG] Thread::callback                         : FMOD mixer thread finished.
[LOG] SystemI::close                           : Free master channel group.
[LOG] SystemI::close                           : Remove 'master' sound group.
[LOG] SystemI::close                           : Free software output.
[LOG] SystemI::close                           : Free emulated output.
[LOG] SystemI::close                           : Free channel pool.
[LOG] SystemI::close                           : done.

